2017-06-21 22:56:21,592 [main] ERROR o.e.m2e.editor.pom.MavenPomEditor - Editor could not be initialized.
org.eclipse.ui.PartInitException: Editor could not be initialized.
	at org.eclipse.ui.texteditor.AbstractTextEditor.internalInit(AbstractTextEditor.java:3188) ~[org.eclipse.ui.workbench.texteditor_3.10.1.v20160818-1626.jar:na]
	at org.eclipse.ui.texteditor.AbstractTextEditor.init(AbstractTextEditor.java:3197) ~[org.eclipse.ui.workbench.texteditor_3.10.1.v20160818-1626.jar:na]
	at org.eclipse.wst.sse.ui.StructuredTextEditor.init(StructuredTextEditor.java:2651) ~[org.eclipse.wst.sse.ui_1.3.500.v201605120129.jar:na]
	at org.eclipse.ui.part.MultiPageEditorPart.addPage(MultiPageEditorPart.java:240) [org.eclipse.ui.workbench_3.108.3.v20170216-1539.jar:na]
	at org.eclipse.ui.forms.editor.FormEditor.addPage(FormEditor.java:330) [org.eclipse.ui.forms_3.7.1.v20161220-1635.jar:na]
	at org.eclipse.ui.part.MultiPageEditorPart.addPage(MultiPageEditorPart.java:214) [org.eclipse.ui.workbench_3.108.3.v20170216-1539.jar:na]
	at org.eclipse.ui.forms.editor.FormEditor.addPage(FormEditor.java:312) [org.eclipse.ui.forms_3.7.1.v20161220-1635.jar:na]
	at org.eclipse.m2e.editor.pom.MavenPomEditor.addSourcePage(MavenPomEditor.java:618) [org.eclipse.m2e.editor_1.7.0.20160603-1933.jar:na]
	at org.eclipse.m2e.editor.pom.MavenPomEditor.addPages(MavenPomEditor.java:356) [org.eclipse.m2e.editor_1.7.0.20160603-1933.jar:na]
	at org.eclipse.ui.forms.editor.FormEditor.createPages(FormEditor.java:140) [org.eclipse.ui.forms_3.7.1.v20161220-1635.jar:na]
	at org.eclipse.ui.part.MultiPageEditorPart.createPartControl(MultiPageEditorPart.java:363) [org.eclipse.ui.workbench_3.108.3.v20170216-1539.jar:na]
	at org.eclipse.ui.internal.e4.compatibility.CompatibilityPart.createPartControl(CompatibilityPart.java:150) [org.eclipse.ui.workbench_3.108.3.v20170216-1539.jar:na]
	at org.eclipse.ui.internal.e4.compatibility.CompatibilityEditor.createPartControl(CompatibilityEditor.java:99) [org.eclipse.ui.workbench_3.108.3.v20170216-1539.jar:na]
	at org.eclipse.ui.internal.e4.compatibility.CompatibilityPart.create(CompatibilityPart.java:340) [org.eclipse.ui.workbench_3.108.3.v20170216-1539.jar:na]
	at sun.reflect.GeneratedMethodAccessor95.invoke(Unknown Source) ~[na:na]
	at sun.reflect.DelegatingMethodAccessorImpl.invoke(Unknown Source) ~[na:1.8.0_131]
	at java.lang.reflect.Method.invoke(Unknown Source) ~[na:1.8.0_131]
	at org.eclipse.e4.core.internal.di.MethodRequestor.execute(MethodRequestor.java:55) [org.eclipse.e4.core.di_1.6.1.v20160712-0927.jar:na]
	at org.eclipse.e4.core.internal.di.InjectorImpl.processAnnotated(InjectorImpl.java:966) [org.eclipse.e4.core.di_1.6.1.v20160712-0927.jar:na]
	at org.eclipse.e4.core.internal.di.InjectorImpl.processAnnotated(InjectorImpl.java:931) [org.eclipse.e4.core.di_1.6.1.v20160712-0927.jar:na]
	at org.eclipse.e4.core.internal.di.InjectorImpl.inject(InjectorImpl.java:151) [org.eclipse.e4.core.di_1.6.1.v20160712-0927.jar:na]
	at org.eclipse.e4.core.internal.di.InjectorImpl.internalMake(InjectorImpl.java:375) [org.eclipse.e4.core.di_1.6.1.v20160712-0927.jar:na]
	at org.eclipse.e4.core.internal.di.InjectorImpl.make(InjectorImpl.java:294) [org.eclipse.e4.core.di_1.6.1.v20160712-0927.jar:na]
	at org.eclipse.e4.core.contexts.ContextInjectionFactory.make(ContextInjectionFactory.java:162) [org.eclipse.e4.core.contexts_1.5.1.v20170203-1100.jar:na]
	at org.eclipse.e4.ui.internal.workbench.ReflectionContributionFactory.createFromBundle(ReflectionContributionFactory.java:105) [org.eclipse.e4.ui.workbench_1.4.0.v20160517-1624.jar:na]
	at org.eclipse.e4.ui.internal.workbench.ReflectionContributionFactory.doCreate(ReflectionContributionFactory.java:74) [org.eclipse.e4.ui.workbench_1.4.0.v20160517-1624.jar:na]
	at org.eclipse.e4.ui.internal.workbench.ReflectionContributionFactory.create(ReflectionContributionFactory.java:56) [org.eclipse.e4.ui.workbench_1.4.0.v20160517-1624.jar:na]
	at org.eclipse.e4.ui.workbench.renderers.swt.ContributedPartRenderer.createWidget(ContributedPartRenderer.java:129) [org.eclipse.e4.ui.workbench.renderers.swt_0.14.1.v20170117-1415.jar:na]
	at org.eclipse.e4.ui.internal.workbench.swt.PartRenderingEngine.createWidget(PartRenderingEngine.java:975) [org.eclipse.e4.ui.workbench.swt_0.14.1.v20160829-0832.jar:na]
	at org.eclipse.e4.ui.internal.workbench.swt.PartRenderingEngine.safeCreateGui(PartRenderingEngine.java:651) [org.eclipse.e4.ui.workbench.swt_0.14.1.v20160829-0832.jar:na]
	at org.eclipse.e4.ui.internal.workbench.swt.PartRenderingEngine.safeCreateGui(PartRenderingEngine.java:757) [org.eclipse.e4.ui.workbench.swt_0.14.1.v20160829-0832.jar:na]
	at org.eclipse.e4.ui.internal.workbench.swt.PartRenderingEngine.access$0(PartRenderingEngine.java:728) [org.eclipse.e4.ui.workbench.swt_0.14.1.v20160829-0832.jar:na]
	at org.eclipse.e4.ui.internal.workbench.swt.PartRenderingEngine$2.run(PartRenderingEngine.java:722) [org.eclipse.e4.ui.workbench.swt_0.14.1.v20160829-0832.jar:na]
	at org.eclipse.core.runtime.SafeRunner.run(SafeRunner.java:42) [org.eclipse.equinox.common_3.8.0.v20160509-1230.jar:na]
	at org.eclipse.e4.ui.internal.workbench.swt.PartRenderingEngine.createGui(PartRenderingEngine.java:706) [org.eclipse.e4.ui.workbench.swt_0.14.1.v20160829-0832.jar:na]
	at org.eclipse.e4.ui.internal.workbench.PartServiceImpl$1.handleEvent(PartServiceImpl.java:104) [org.eclipse.e4.ui.workbench_1.4.0.v20160517-1624.jar:na]
	at org.eclipse.e4.ui.services.internal.events.UIEventHandler$1.run(UIEventHandler.java:40) [org.eclipse.e4.ui.services_1.2.100.v20160506-0759.jar:na]
	at org.eclipse.swt.widgets.Synchronizer.syncExec(Synchronizer.java:233) [org.eclipse.swt.win32.win32.x86_64_3.105.3.v20170228-0512.jar:na]
	at org.eclipse.ui.internal.UISynchronizer.syncExec(UISynchronizer.java:145) [org.eclipse.ui.workbench_3.108.3.v20170216-1539.jar:na]
	at org.eclipse.swt.widgets.Display.syncExec(Display.java:4821) [org.eclipse.swt.win32.win32.x86_64_3.105.3.v20170228-0512.jar:na]
	at org.eclipse.e4.ui.internal.workbench.swt.E4Application$1.syncExec(E4Application.java:211) [org.eclipse.e4.ui.workbench.swt_0.14.1.v20160829-0832.jar:na]
	at org.eclipse.e4.ui.services.internal.events.UIEventHandler.handleEvent(UIEventHandler.java:36) [org.eclipse.e4.ui.services_1.2.100.v20160506-0759.jar:na]
	at org.eclipse.equinox.internal.event.EventHandlerWrapper.handleEvent(EventHandlerWrapper.java:201) [org.eclipse.equinox.event_1.3.200.v20160324-1850.jar:na]
	at org.eclipse.equinox.internal.event.EventHandlerTracker.dispatchEvent(EventHandlerTracker.java:197) [org.eclipse.equinox.event_1.3.200.v20160324-1850.jar:na]
	at org.eclipse.equinox.internal.event.EventHandlerTracker.dispatchEvent(EventHandlerTracker.java:1) [org.eclipse.equinox.event_1.3.200.v20160324-1850.jar:na]
	at org.eclipse.osgi.framework.eventmgr.EventManager.dispatchEvent(EventManager.java:230) [org.eclipse.osgi_3.11.3.v20170209-1843.jar:na]
	at org.eclipse.osgi.framework.eventmgr.ListenerQueue.dispatchEventSynchronous(ListenerQueue.java:148) [org.eclipse.osgi_3.11.3.v20170209-1843.jar:na]
	at org.eclipse.equinox.internal.event.EventAdminImpl.dispatchEvent(EventAdminImpl.java:135) [org.eclipse.equinox.event_1.3.200.v20160324-1850.jar:na]
	at org.eclipse.equinox.internal.event.EventAdminImpl.sendEvent(EventAdminImpl.java:78) [org.eclipse.equinox.event_1.3.200.v20160324-1850.jar:na]
	at org.eclipse.equinox.internal.event.EventComponent.sendEvent(EventComponent.java:39) [org.eclipse.equinox.event_1.3.200.v20160324-1850.jar:na]
	at org.eclipse.e4.ui.services.internal.events.EventBroker.send(EventBroker.java:94) [org.eclipse.e4.ui.services_1.2.100.v20160506-0759.jar:na]
	at org.eclipse.e4.ui.internal.workbench.UIEventPublisher.notifyChanged(UIEventPublisher.java:60) [org.eclipse.e4.ui.workbench_1.4.0.v20160517-1624.jar:na]
	at org.eclipse.emf.common.notify.impl.BasicNotifierImpl.eNotify(BasicNotifierImpl.java:374) [org.eclipse.emf.common_2.12.0.v20160420-0247.jar:na]
	at org.eclipse.e4.ui.model.application.ui.impl.ElementContainerImpl.setSelectedElement(ElementContainerImpl.java:173) [org.eclipse.e4.ui.model.workbench_1.2.0.v20160229-1459.jar:na]
	at org.eclipse.e4.ui.internal.workbench.ModelServiceImpl.showElementInWindow(ModelServiceImpl.java:617) [org.eclipse.e4.ui.workbench_1.4.0.v20160517-1624.jar:na]
	at org.eclipse.e4.ui.internal.workbench.ModelServiceImpl.bringToTop(ModelServiceImpl.java:581) [org.eclipse.e4.ui.workbench_1.4.0.v20160517-1624.jar:na]
	at org.eclipse.e4.ui.internal.workbench.PartServiceImpl.delegateBringToTop(PartServiceImpl.java:770) [org.eclipse.e4.ui.workbench_1.4.0.v20160517-1624.jar:na]
	at org.eclipse.e4.ui.internal.workbench.PartServiceImpl.bringToTop(PartServiceImpl.java:401) [org.eclipse.e4.ui.workbench_1.4.0.v20160517-1624.jar:na]
	at org.eclipse.e4.ui.internal.workbench.PartServiceImpl.showPart(PartServiceImpl.java:1214) [org.eclipse.e4.ui.workbench_1.4.0.v20160517-1624.jar:na]
	at org.eclipse.ui.internal.WorkbenchPage.busyOpenEditor(WorkbenchPage.java:3261) [org.eclipse.ui.workbench_3.108.3.v20170216-1539.jar:na]
	at org.eclipse.ui.internal.WorkbenchPage.access$25(WorkbenchPage.java:3176) [org.eclipse.ui.workbench_3.108.3.v20170216-1539.jar:na]
	at org.eclipse.ui.internal.WorkbenchPage$10.run(WorkbenchPage.java:3158) [org.eclipse.ui.workbench_3.108.3.v20170216-1539.jar:na]
	at org.eclipse.swt.custom.BusyIndicator.showWhile(BusyIndicator.java:70) [org.eclipse.swt.win32.win32.x86_64_3.105.3.v20170228-0512.jar:na]
	at org.eclipse.ui.internal.WorkbenchPage.openEditor(WorkbenchPage.java:3153) [org.eclipse.ui.workbench_3.108.3.v20170216-1539.jar:na]
	at org.eclipse.ui.internal.WorkbenchPage.openEditor(WorkbenchPage.java:3117) [org.eclipse.ui.workbench_3.108.3.v20170216-1539.jar:na]
	at org.eclipse.ui.internal.WorkbenchPage.openEditor(WorkbenchPage.java:3107) [org.eclipse.ui.workbench_3.108.3.v20170216-1539.jar:na]
	at org.eclipse.ui.ide.IDE.openEditor(IDE.java:563) [org.eclipse.ui.ide_3.12.3.v20170119-0935.jar:na]
	at org.eclipse.ui.ide.IDE.openEditor(IDE.java:518) [org.eclipse.ui.ide_3.12.3.v20170119-0935.jar:na]
	at org.eclipse.m2e.core.ui.internal.wizards.MavenPomWizard$2.run(MavenPomWizard.java:151) [org.eclipse.m2e.core.ui_1.7.0.20160603-1933.jar:na]
	at org.eclipse.swt.widgets.RunnableLock.run(RunnableLock.java:35) [org.eclipse.swt.win32.win32.x86_64_3.105.3.v20170228-0512.jar:na]
	at org.eclipse.swt.widgets.Synchronizer.runAsyncMessages(Synchronizer.java:182) [org.eclipse.swt.win32.win32.x86_64_3.105.3.v20170228-0512.jar:na]
	at org.eclipse.swt.widgets.Display.runAsyncMessages(Display.java:4211) [org.eclipse.swt.win32.win32.x86_64_3.105.3.v20170228-0512.jar:na]
	at org.eclipse.swt.widgets.Display.readAndDispatch(Display.java:3827) [org.eclipse.swt.win32.win32.x86_64_3.105.3.v20170228-0512.jar:na]
	at org.eclipse.jface.operation.ModalContext$ModalContextThread.block(ModalContext.java:165) [org.eclipse.jface_3.12.2.v20170113-2113.jar:na]
	at org.eclipse.jface.operation.ModalContext.run(ModalContext.java:369) [org.eclipse.jface_3.12.2.v20170113-2113.jar:na]
	at org.eclipse.jface.wizard.WizardDialog.run(WizardDialog.java:993) [org.eclipse.jface_3.12.2.v20170113-2113.jar:na]
	at org.eclipse.m2e.core.ui.internal.wizards.MavenPomWizard.performFinish(MavenPomWizard.java:104) [org.eclipse.m2e.core.ui_1.7.0.20160603-1933.jar:na]
	at org.eclipse.jface.wizard.WizardDialog.finishPressed(WizardDialog.java:790) [org.eclipse.jface_3.12.2.v20170113-2113.jar:na]
	at org.eclipse.jface.wizard.WizardDialog.buttonPressed(WizardDialog.java:423) [org.eclipse.jface_3.12.2.v20170113-2113.jar:na]
	at org.eclipse.jface.dialogs.Dialog$2.widgetSelected(Dialog.java:618) [org.eclipse.jface_3.12.2.v20170113-2113.jar:na]
	at org.eclipse.swt.widgets.TypedListener.handleEvent(TypedListener.java:249) [org.eclipse.swt.win32.win32.x86_64_3.105.3.v20170228-0512.jar:na]
	at org.eclipse.swt.widgets.EventTable.sendEvent(EventTable.java:84) [org.eclipse.swt.win32.win32.x86_64_3.105.3.v20170228-0512.jar:na]
	at org.eclipse.swt.widgets.Display.sendEvent(Display.java:4418) [org.eclipse.swt.win32.win32.x86_64_3.105.3.v20170228-0512.jar:na]
	at org.eclipse.swt.widgets.Widget.sendEvent(Widget.java:1079) [org.eclipse.swt.win32.win32.x86_64_3.105.3.v20170228-0512.jar:na]
	at org.eclipse.swt.widgets.Display.runDeferredEvents(Display.java:4236) [org.eclipse.swt.win32.win32.x86_64_3.105.3.v20170228-0512.jar:na]
	at org.eclipse.swt.widgets.Display.readAndDispatch(Display.java:3824) [org.eclipse.swt.win32.win32.x86_64_3.105.3.v20170228-0512.jar:na]
	at org.eclipse.jface.window.Window.runEventLoop(Window.java:818) [org.eclipse.jface_3.12.2.v20170113-2113.jar:na]
	at org.eclipse.jface.window.Window.open(Window.java:794) [org.eclipse.jface_3.12.2.v20170113-2113.jar:na]
	at org.eclipse.m2e.core.ui.internal.actions.EnableNatureAction.enableNature(EnableNatureAction.java:115) [org.eclipse.m2e.core.ui_1.7.0.20160603-1933.jar:na]
	at org.eclipse.m2e.core.ui.internal.actions.EnableNatureAction.run(EnableNatureAction.java:94) [org.eclipse.m2e.core.ui_1.7.0.20160603-1933.jar:na]
	at org.eclipse.ui.internal.PluginAction.runWithEvent(PluginAction.java:247) [org.eclipse.ui.workbench_3.108.3.v20170216-1539.jar:na]
	at org.eclipse.jface.action.ActionContributionItem.handleWidgetSelection(ActionContributionItem.java:565) [org.eclipse.jface_3.12.2.v20170113-2113.jar:na]
	at org.eclipse.jface.action.ActionContributionItem.lambda$4(ActionContributionItem.java:397) [org.eclipse.jface_3.12.2.v20170113-2113.jar:na]
	at org.eclipse.swt.widgets.EventTable.sendEvent(EventTable.java:84) [org.eclipse.swt.win32.win32.x86_64_3.105.3.v20170228-0512.jar:na]
	at org.eclipse.swt.widgets.Display.sendEvent(Display.java:4418) [org.eclipse.swt.win32.win32.x86_64_3.105.3.v20170228-0512.jar:na]
	at org.eclipse.swt.widgets.Widget.sendEvent(Widget.java:1079) [org.eclipse.swt.win32.win32.x86_64_3.105.3.v20170228-0512.jar:na]
	at org.eclipse.swt.widgets.Display.runDeferredEvents(Display.java:4236) [org.eclipse.swt.win32.win32.x86_64_3.105.3.v20170228-0512.jar:na]
	at org.eclipse.swt.widgets.Display.readAndDispatch(Display.java:3824) [org.eclipse.swt.win32.win32.x86_64_3.105.3.v20170228-0512.jar:na]
	at org.eclipse.e4.ui.internal.workbench.swt.PartRenderingEngine$4.run(PartRenderingEngine.java:1121) ~[na:na]
	at org.eclipse.core.databinding.observable.Realm.runWithDefault(Realm.java:336) ~[na:na]
	at org.eclipse.e4.ui.internal.workbench.swt.PartRenderingEngine.run(PartRenderingEngine.java:1022) [org.eclipse.e4.ui.workbench.swt_0.14.1.v20160829-0832.jar:na]
	at org.eclipse.e4.ui.internal.workbench.E4Workbench.createAndRunUI(E4Workbench.java:150) ~[na:na]
	at org.eclipse.ui.internal.Workbench$5.run(Workbench.java:693) ~[na:na]
	at org.eclipse.core.databinding.observable.Realm.runWithDefault(Realm.java:336) ~[na:na]
	at org.eclipse.ui.internal.Workbench.createAndRunWorkbench(Workbench.java:610) ~[na:na]
	at org.eclipse.ui.PlatformUI.createAndRunWorkbench(PlatformUI.java:148) ~[na:na]
	at org.eclipse.ui.internal.ide.application.IDEApplication.start(IDEApplication.java:138) ~[na:na]
	at org.eclipse.equinox.internal.app.EclipseAppHandle.run(EclipseAppHandle.java:196) ~[org.eclipse.equinox.app_1.3.400.v20150715-1528.jar:na]
	at org.eclipse.core.runtime.internal.adaptor.EclipseAppLauncher.runApplication(EclipseAppLauncher.java:134) ~[org.eclipse.osgi_3.11.3.v20170209-1843.jar:na]
	at org.eclipse.core.runtime.internal.adaptor.EclipseAppLauncher.start(EclipseAppLauncher.java:104) ~[org.eclipse.osgi_3.11.3.v20170209-1843.jar:na]
	at org.eclipse.core.runtime.adaptor.EclipseStarter.run(EclipseStarter.java:388) ~[org.eclipse.osgi_3.11.3.v20170209-1843.jar:na]
	at org.eclipse.core.runtime.adaptor.EclipseStarter.run(EclipseStarter.java:243) ~[org.eclipse.osgi_3.11.3.v20170209-1843.jar:na]
	at sun.reflect.NativeMethodAccessorImpl.invoke0(Native Method) ~[na:1.8.0_131]
	at sun.reflect.NativeMethodAccessorImpl.invoke(Unknown Source) ~[na:1.8.0_131]
	at sun.reflect.DelegatingMethodAccessorImpl.invoke(Unknown Source) ~[na:1.8.0_131]
	at java.lang.reflect.Method.invoke(Unknown Source) ~[na:1.8.0_131]
	at org.eclipse.equinox.launcher.Main.invokeFramework(Main.java:673) ~[org.eclipse.equinox.launcher_1.3.201.v20161025-1711.jar:na]
	at org.eclipse.equinox.launcher.Main.basicRun(Main.java:610) ~[org.eclipse.equinox.launcher_1.3.201.v20161025-1711.jar:na]
	at org.eclipse.equinox.launcher.Main.run(Main.java:1519) ~[org.eclipse.equinox.launcher_1.3.201.v20161025-1711.jar:na]
Caused by: java.lang.AssertionError: assertion failed
	at scala.Predef$.assert(Predef.scala:204) ~[na:na]
	at scala.tools.scalap.Classfile.<init>(Classfile.scala:17) ~[na:na]
	at org.scalaide.core.internal.jdt.model.ScalaClassFileDescriber$.isScala(ScalaClassFileDescriber.scala:16) ~[na:na]
	at org.scalaide.core.internal.jdt.model.ScalaClassFileDescriber.describe(ScalaClassFileDescriber.scala:38) ~[na:na]
	at org.eclipse.core.internal.content.ContentTypeCatalog.describe(ContentTypeCatalog.java:229) ~[org.eclipse.core.contenttype_3.5.100.v20160418-1621.jar:na]
	at org.eclipse.core.internal.content.ContentTypeCatalog.collectMatchingByContents(ContentTypeCatalog.java:201) ~[org.eclipse.core.contenttype_3.5.100.v20160418-1621.jar:na]
	at org.eclipse.core.internal.content.ContentTypeCatalog.internalFindContentTypesFor(ContentTypeCatalog.java:412) ~[org.eclipse.core.contenttype_3.5.100.v20160418-1621.jar:na]
	at org.eclipse.core.internal.content.ContentTypeCatalog.internalFindContentTypesFor(ContentTypeCatalog.java:461) ~[org.eclipse.core.contenttype_3.5.100.v20160418-1621.jar:na]
	at org.eclipse.core.internal.content.ContentTypeCatalog.findContentTypesFor(ContentTypeCatalog.java:309) ~[org.eclipse.core.contenttype_3.5.100.v20160418-1621.jar:na]
	at org.eclipse.core.internal.content.ContentTypeMatcher.findContentTypeFor(ContentTypeMatcher.java:36) ~[org.eclipse.core.contenttype_3.5.100.v20160418-1621.jar:na]
	at org.eclipse.wst.sse.core.internal.modelhandler.ModelHandlerRegistry.getHandlerFor(ModelHandlerRegistry.java:230) ~[org.eclipse.wst.sse.core_1.1.1000.v201608061842.jar:na]
	at org.eclipse.wst.sse.core.internal.model.ModelManagerImpl.calculateType(ModelManagerImpl.java:750) ~[org.eclipse.wst.sse.core_1.1.1000.v201608061842.jar:na]
	at org.eclipse.wst.sse.core.internal.model.ModelManagerImpl.getModelForEdit(ModelManagerImpl.java:1427) ~[org.eclipse.wst.sse.core_1.1.1000.v201608061842.jar:na]
	at org.eclipse.wst.sse.ui.internal.StorageModelProvider.loadModel(StorageModelProvider.java:733) ~[org.eclipse.wst.sse.ui_1.3.500.v201605120129.jar:na]
	at org.eclipse.wst.sse.ui.internal.StorageModelProvider.loadModel(StorageModelProvider.java:705) ~[org.eclipse.wst.sse.ui_1.3.500.v201605120129.jar:na]
	at org.eclipse.wst.sse.ui.internal.StorageModelProvider.selfCreateModel(StorageModelProvider.java:761) ~[org.eclipse.wst.sse.ui_1.3.500.v201605120129.jar:na]
	at org.eclipse.wst.sse.ui.internal.StorageModelProvider.createModelInfo(StorageModelProvider.java:478) ~[org.eclipse.wst.sse.ui_1.3.500.v201605120129.jar:na]
	at org.eclipse.wst.sse.ui.internal.StorageModelProvider.createElementInfo(StorageModelProvider.java:469) ~[org.eclipse.wst.sse.ui_1.3.500.v201605120129.jar:na]
	at org.eclipse.ui.texteditor.AbstractDocumentProvider.connect(AbstractDocumentProvider.java:392) ~[org.eclipse.ui.workbench.texteditor_3.10.1.v20160818-1626.jar:na]
	at org.eclipse.ui.texteditor.AbstractTextEditor.doSetInput(AbstractTextEditor.java:4178) ~[org.eclipse.ui.workbench.texteditor_3.10.1.v20160818-1626.jar:na]
	at org.eclipse.ui.texteditor.StatusTextEditor.doSetInput(StatusTextEditor.java:229) ~[org.eclipse.ui.workbench.texteditor_3.10.1.v20160818-1626.jar:na]
	at org.eclipse.ui.texteditor.AbstractDecoratedTextEditor.doSetInput(AbstractDecoratedTextEditor.java:1466) ~[org.eclipse.ui.editors_3.10.1.v20161106-1856.jar:na]
	at org.eclipse.ui.editors.text.TextEditor.doSetInput(TextEditor.java:150) ~[org.eclipse.ui.editors_3.10.1.v20161106-1856.jar:na]
	at org.eclipse.wst.sse.ui.StructuredTextEditor.doSetInput(StructuredTextEditor.java:1958) ~[org.eclipse.wst.sse.ui_1.3.500.v201605120129.jar:na]
	at org.eclipse.ui.texteditor.AbstractTextEditor$5.run(AbstractTextEditor.java:3154) ~[org.eclipse.ui.workbench.texteditor_3.10.1.v20160818-1626.jar:na]
	at org.eclipse.jface.operation.ModalContext.runInCurrentThread(ModalContext.java:437) [org.eclipse.jface_3.12.2.v20170113-2113.jar:na]
	at org.eclipse.jface.operation.ModalContext.run(ModalContext.java:353) [org.eclipse.jface_3.12.2.v20170113-2113.jar:na]
	at org.eclipse.ui.internal.WorkbenchWindow$14.run(WorkbenchWindow.java:2184) ~[org.eclipse.ui.workbench_3.108.3.v20170216-1539.jar:na]
	at org.eclipse.swt.custom.BusyIndicator.showWhile(BusyIndicator.java:70) [org.eclipse.swt.win32.win32.x86_64_3.105.3.v20170228-0512.jar:na]
	at org.eclipse.ui.internal.WorkbenchWindow.run(WorkbenchWindow.java:2180) ~[org.eclipse.ui.workbench_3.108.3.v20170216-1539.jar:na]
	at org.eclipse.ui.texteditor.AbstractTextEditor.internalInit(AbstractTextEditor.java:3172) ~[org.eclipse.ui.workbench.texteditor_3.10.1.v20160818-1626.jar:na]
	... 118 common frames omitted
2017-06-21 22:56:22,508 [main] ERROR o.e.m2e.editor.pom.OverviewPage - Failed to populate overview panel
java.lang.NullPointerException: null
	at org.eclipse.m2e.core.ui.internal.editing.PomEdits.performOnDOMDocument(PomEdits.java:510) ~[org.eclipse.m2e.core.ui_1.7.0.20160603-1933.jar:na]
	at org.eclipse.m2e.editor.pom.OverviewPage$17.run(OverviewPage.java:1129) ~[na:na]
	at org.eclipse.swt.widgets.RunnableLock.run(RunnableLock.java:35) [org.eclipse.swt.win32.win32.x86_64_3.105.3.v20170228-0512.jar:na]
	at org.eclipse.swt.widgets.Synchronizer.runAsyncMessages(Synchronizer.java:182) [org.eclipse.swt.win32.win32.x86_64_3.105.3.v20170228-0512.jar:na]
	at org.eclipse.swt.widgets.Display.runAsyncMessages(Display.java:4211) [org.eclipse.swt.win32.win32.x86_64_3.105.3.v20170228-0512.jar:na]
	at org.eclipse.swt.widgets.Display.readAndDispatch(Display.java:3827) [org.eclipse.swt.win32.win32.x86_64_3.105.3.v20170228-0512.jar:na]
	at org.eclipse.e4.ui.internal.workbench.swt.PartRenderingEngine$4.run(PartRenderingEngine.java:1121) [org.eclipse.e4.ui.workbench.swt_0.14.1.v20160829-0832.jar:na]
	at org.eclipse.core.databinding.observable.Realm.runWithDefault(Realm.java:336) [org.eclipse.core.databinding.observable_1.6.0.v20160511-1747.jar:na]
	at org.eclipse.e4.ui.internal.workbench.swt.PartRenderingEngine.run(PartRenderingEngine.java:1022) [org.eclipse.e4.ui.workbench.swt_0.14.1.v20160829-0832.jar:na]
	at org.eclipse.e4.ui.internal.workbench.E4Workbench.createAndRunUI(E4Workbench.java:150) [org.eclipse.e4.ui.workbench_1.4.0.v20160517-1624.jar:na]
	at org.eclipse.ui.internal.Workbench$5.run(Workbench.java:693) [org.eclipse.ui.workbench_3.108.3.v20170216-1539.jar:na]
	at org.eclipse.core.databinding.observable.Realm.runWithDefault(Realm.java:336) [org.eclipse.core.databinding.observable_1.6.0.v20160511-1747.jar:na]
	at org.eclipse.ui.internal.Workbench.createAndRunWorkbench(Workbench.java:610) [org.eclipse.ui.workbench_3.108.3.v20170216-1539.jar:na]
	at org.eclipse.ui.PlatformUI.createAndRunWorkbench(PlatformUI.java:148) [org.eclipse.ui.workbench_3.108.3.v20170216-1539.jar:na]
	at org.eclipse.ui.internal.ide.application.IDEApplication.start(IDEApplication.java:138) [org.eclipse.ui.ide.application_1.1.101.v20160829-0827.jar:na]
	at org.eclipse.equinox.internal.app.EclipseAppHandle.run(EclipseAppHandle.java:196) [org.eclipse.equinox.app_1.3.400.v20150715-1528.jar:na]
	at org.eclipse.core.runtime.internal.adaptor.EclipseAppLauncher.runApplication(EclipseAppLauncher.java:134) [org.eclipse.osgi_3.11.3.v20170209-1843.jar:na]
	at org.eclipse.core.runtime.internal.adaptor.EclipseAppLauncher.start(EclipseAppLauncher.java:104) [org.eclipse.osgi_3.11.3.v20170209-1843.jar:na]
	at org.eclipse.core.runtime.adaptor.EclipseStarter.run(EclipseStarter.java:388) [org.eclipse.osgi_3.11.3.v20170209-1843.jar:na]
	at org.eclipse.core.runtime.adaptor.EclipseStarter.run(EclipseStarter.java:243) [org.eclipse.osgi_3.11.3.v20170209-1843.jar:na]
	at sun.reflect.NativeMethodAccessorImpl.invoke0(Native Method) ~[na:1.8.0_131]
	at sun.reflect.NativeMethodAccessorImpl.invoke(Unknown Source) ~[na:1.8.0_131]
	at sun.reflect.DelegatingMethodAccessorImpl.invoke(Unknown Source) ~[na:1.8.0_131]
	at java.lang.reflect.Method.invoke(Unknown Source) ~[na:1.8.0_131]
	at org.eclipse.equinox.launcher.Main.invokeFramework(Main.java:673) [org.eclipse.equinox.launcher_1.3.201.v20161025-1711.jar:na]
	at org.eclipse.equinox.launcher.Main.basicRun(Main.java:610) [org.eclipse.equinox.launcher_1.3.201.v20161025-1711.jar:na]
	at org.eclipse.equinox.launcher.Main.run(Main.java:1519) [org.eclipse.equinox.launcher_1.3.201.v20161025-1711.jar:na]
2017-06-21 22:56:23,225 [Worker-157] INFO  o.e.m.c.i.l.LifecycleMappingFactory - Using org.eclipse.m2e.jdt.JarLifecycleMapping lifecycle mapping for MavenProject: AkkaMavenIntegrator:AkkaMavenIntegrator:0.0.1-SNAPSHOT @ C:\Users\yasse\ScalaApps\AkkaMavenIntegrator\pom.xml.
2017-06-21 22:56:24,088 [Worker-157] INFO  o.e.m.j.i.AbstractJavaProjectConfigurator - Adding source folder /AkkaMavenIntegrator/src
2017-06-21 22:56:24,089 [Worker-157] INFO  o.e.m.j.i.AbstractJavaProjectConfigurator - Not adding source folder /AkkaMavenIntegrator/src/test/java because it overlaps with /AkkaMavenIntegrator/src
2017-06-21 22:56:24,362 [Worker-157] INFO  o.e.m.c.i.p.ProjectConfigurationManager - Update started
2017-06-21 22:56:25,046 [Worker-157] INFO  o.e.m.c.i.l.LifecycleMappingFactory - Using org.eclipse.m2e.jdt.JarLifecycleMapping lifecycle mapping for MavenProject: AkkaMavenIntegrator:AkkaMavenIntegrator:0.0.1-SNAPSHOT @ C:\Users\yasse\ScalaApps\AkkaMavenIntegrator\pom.xml.
2017-06-21 22:56:25,261 [Worker-157] INFO  o.e.m.j.i.AbstractJavaProjectConfigurator - Adding source folder /AkkaMavenIntegrator/src
2017-06-21 22:56:25,261 [Worker-157] INFO  o.e.m.j.i.AbstractJavaProjectConfigurator - Not adding source folder /AkkaMavenIntegrator/src/test/java because it overlaps with /AkkaMavenIntegrator/src
2017-06-21 22:56:25,398 [Worker-157] INFO  o.e.m.c.i.p.ProjectConfigurationManager - Update completed: 1 sec
2017-06-21 22:56:26,116 [Worker-145] WARN  o.e.m.c.i.embedder.EclipseLogger - Using platform encoding (Cp1252 actually) to copy filtered resources, i.e. build is platform dependent!
2017-06-21 22:56:26,117 [Worker-145] INFO  o.e.m.c.i.embedder.EclipseLogger - skip non existing resourceDirectory C:\Users\yasse\ScalaApps\AkkaMavenIntegrator\src\main\resources
2017-06-21 22:56:26,120 [Worker-145] WARN  o.e.m.c.i.embedder.EclipseLogger - Using platform encoding (Cp1252 actually) to copy filtered resources, i.e. build is platform dependent!
2017-06-21 22:56:26,120 [Worker-145] INFO  o.e.m.c.i.embedder.EclipseLogger - skip non existing resourceDirectory C:\Users\yasse\ScalaApps\AkkaMavenIntegrator\src\test\resources
2017-06-21 22:58:44,164 [Worker-156] ERROR o.e.m.c.i.p.r.ProjectRegistryManager - Could not read pom.xml
org.eclipse.core.runtime.CoreException: Could not read pom.xml
	at org.eclipse.m2e.core.internal.embedder.MavenImpl.readModel(MavenImpl.java:565) ~[org.eclipse.m2e.core_1.7.0.20160603-1933.jar:na]
	at org.eclipse.m2e.core.internal.embedder.MavenImpl.readModel(MavenImpl.java:574) ~[org.eclipse.m2e.core_1.7.0.20160603-1933.jar:na]
	at org.eclipse.m2e.core.internal.project.registry.ProjectRegistryManager.refreshPhase2(ProjectRegistryManager.java:542) [org.eclipse.m2e.core_1.7.0.20160603-1933.jar:na]
	at org.eclipse.m2e.core.internal.project.registry.ProjectRegistryManager.refresh(ProjectRegistryManager.java:498) [org.eclipse.m2e.core_1.7.0.20160603-1933.jar:na]
	at org.eclipse.m2e.core.internal.project.registry.ProjectRegistryManager.refresh(ProjectRegistryManager.java:351) [org.eclipse.m2e.core_1.7.0.20160603-1933.jar:na]
	at org.eclipse.m2e.core.internal.project.registry.ProjectRegistryManager.refresh(ProjectRegistryManager.java:298) [org.eclipse.m2e.core_1.7.0.20160603-1933.jar:na]
	at org.eclipse.m2e.core.internal.builder.MavenBuilder$BuildMethod.getProjectFacade(MavenBuilder.java:154) [org.eclipse.m2e.core_1.7.0.20160603-1933.jar:na]
	at org.eclipse.m2e.core.internal.builder.MavenBuilder$BuildMethod$1.call(MavenBuilder.java:89) [org.eclipse.m2e.core_1.7.0.20160603-1933.jar:na]
	at org.eclipse.m2e.core.internal.embedder.MavenExecutionContext.executeBare(MavenExecutionContext.java:176) [org.eclipse.m2e.core_1.7.0.20160603-1933.jar:na]
	at org.eclipse.m2e.core.internal.embedder.MavenExecutionContext.execute(MavenExecutionContext.java:151) [org.eclipse.m2e.core_1.7.0.20160603-1933.jar:na]
	at org.eclipse.m2e.core.internal.embedder.MavenExecutionContext.execute(MavenExecutionContext.java:99) [org.eclipse.m2e.core_1.7.0.20160603-1933.jar:na]
	at org.eclipse.m2e.core.internal.builder.MavenBuilder$BuildMethod.execute(MavenBuilder.java:86) [org.eclipse.m2e.core_1.7.0.20160603-1933.jar:na]
	at org.eclipse.m2e.core.internal.builder.MavenBuilder.build(MavenBuilder.java:200) [org.eclipse.m2e.core_1.7.0.20160603-1933.jar:na]
	at org.eclipse.core.internal.events.BuildManager$2.run(BuildManager.java:735) [org.eclipse.core.resources_3.11.1.v20161107-2032.jar:na]
	at org.eclipse.core.runtime.SafeRunner.run(SafeRunner.java:42) [org.eclipse.equinox.common_3.8.0.v20160509-1230.jar:na]
	at org.eclipse.core.internal.events.BuildManager.basicBuild(BuildManager.java:206) [org.eclipse.core.resources_3.11.1.v20161107-2032.jar:na]
	at org.eclipse.core.internal.events.BuildManager.basicBuild(BuildManager.java:246) [org.eclipse.core.resources_3.11.1.v20161107-2032.jar:na]
	at org.eclipse.core.internal.events.BuildManager$1.run(BuildManager.java:301) [org.eclipse.core.resources_3.11.1.v20161107-2032.jar:na]
	at org.eclipse.core.runtime.SafeRunner.run(SafeRunner.java:42) [org.eclipse.equinox.common_3.8.0.v20160509-1230.jar:na]
	at org.eclipse.core.internal.events.BuildManager.basicBuild(BuildManager.java:304) [org.eclipse.core.resources_3.11.1.v20161107-2032.jar:na]
	at org.eclipse.core.internal.events.BuildManager.basicBuildLoop(BuildManager.java:360) [org.eclipse.core.resources_3.11.1.v20161107-2032.jar:na]
	at org.eclipse.core.internal.events.BuildManager.build(BuildManager.java:383) [org.eclipse.core.resources_3.11.1.v20161107-2032.jar:na]
	at org.eclipse.core.internal.events.AutoBuildJob.doBuild(AutoBuildJob.java:144) [org.eclipse.core.resources_3.11.1.v20161107-2032.jar:na]
	at org.eclipse.core.internal.events.AutoBuildJob.run(AutoBuildJob.java:235) [org.eclipse.core.resources_3.11.1.v20161107-2032.jar:na]
	at org.eclipse.core.internal.jobs.Worker.run(Worker.java:55) [org.eclipse.core.jobs_3.8.0.v20160509-0411.jar:na]
Caused by: org.apache.maven.model.io.ModelParseException: Duplicated tag: 'groupId' (position: START_TAG seen ...</groupId>\r\n  \t\t<groupId>... @22:14) 
	at org.apache.maven.model.io.DefaultModelReader.read(DefaultModelReader.java:122) ~[maven-model-builder-3.3.9.jar:3.3.9]
	at org.apache.maven.model.io.DefaultModelReader.read(DefaultModelReader.java:86) ~[maven-model-builder-3.3.9.jar:3.3.9]
	at org.eclipse.m2e.core.internal.embedder.MavenImpl.readModel(MavenImpl.java:563) ~[org.eclipse.m2e.core_1.7.0.20160603-1933.jar:na]
	... 24 common frames omitted
Caused by: org.codehaus.plexus.util.xml.pull.XmlPullParserException: Duplicated tag: 'groupId' (position: START_TAG seen ...</groupId>\r\n  \t\t<groupId>... @22:14) 
	at org.apache.maven.model.io.xpp3.MavenXpp3Reader.checkFieldWithDuplicate(MavenXpp3Reader.java:140) ~[maven-model-3.3.9.jar:3.3.9]
	at org.apache.maven.model.io.xpp3.MavenXpp3Reader.parseDependency(MavenXpp3Reader.java:1352) ~[maven-model-3.3.9.jar:3.3.9]
	at org.apache.maven.model.io.xpp3.MavenXpp3Reader.parseModel(MavenXpp3Reader.java:2235) ~[maven-model-3.3.9.jar:3.3.9]
	at org.apache.maven.model.io.xpp3.MavenXpp3Reader.read(MavenXpp3Reader.java:3845) ~[maven-model-3.3.9.jar:3.3.9]
	at org.apache.maven.model.io.xpp3.MavenXpp3Reader.read(MavenXpp3Reader.java:595) ~[maven-model-3.3.9.jar:3.3.9]
	at org.apache.maven.model.io.DefaultModelReader.read(DefaultModelReader.java:117) ~[maven-model-builder-3.3.9.jar:3.3.9]
	... 26 common frames omitted
2017-06-21 22:59:21,390 [Worker-155] ERROR o.e.m.c.i.p.r.ProjectRegistryManager - Failed to read Maven project: 1 problem was encountered while building the effective model
[FATAL] Non-parseable POM C:\Users\yasse\ScalaApps\AkkaMavenIntegrator\pom.xml: Duplicated tag: 'groupId' (position: START_TAG seen ...</groupId>\r\n  \t\t<groupId>... @22:14)  @ line 22, column 14
 for project  at C:\Users\yasse\ScalaApps\AkkaMavenIntegrator\pom.xml
org.apache.maven.project.ProjectBuildingException: 1 problem was encountered while building the effective model
[FATAL] Non-parseable POM C:\Users\yasse\ScalaApps\AkkaMavenIntegrator\pom.xml: Duplicated tag: 'groupId' (position: START_TAG seen ...</groupId>\r\n  \t\t<groupId>... @22:14)  @ line 22, column 14
 for project  at C:\Users\yasse\ScalaApps\AkkaMavenIntegrator\pom.xml
	at org.apache.maven.project.DefaultProjectBuilder.build(DefaultProjectBuilder.java:168) ~[maven-core-3.3.9.jar:3.3.9]
	at org.apache.maven.project.DefaultProjectBuilder.build(DefaultProjectBuilder.java:119) ~[maven-core-3.3.9.jar:3.3.9]
	at org.eclipse.m2e.core.internal.embedder.MavenImpl.readMavenProject(MavenImpl.java:636) ~[org.eclipse.m2e.core_1.7.0.20160603-1933.jar:na]
	at org.eclipse.m2e.core.internal.project.registry.ProjectRegistryManager$5.call(ProjectRegistryManager.java:816) ~[org.eclipse.m2e.core_1.7.0.20160603-1933.jar:na]
	at org.eclipse.m2e.core.internal.project.registry.ProjectRegistryManager$5.call(ProjectRegistryManager.java:1) ~[org.eclipse.m2e.core_1.7.0.20160603-1933.jar:na]
	at org.eclipse.m2e.core.internal.embedder.MavenExecutionContext.executeBare(MavenExecutionContext.java:176) ~[org.eclipse.m2e.core_1.7.0.20160603-1933.jar:na]
	at org.eclipse.m2e.core.internal.embedder.MavenExecutionContext.execute(MavenExecutionContext.java:151) ~[org.eclipse.m2e.core_1.7.0.20160603-1933.jar:na]
	at org.eclipse.m2e.core.internal.embedder.MavenExecutionContext.execute(MavenExecutionContext.java:99) ~[org.eclipse.m2e.core_1.7.0.20160603-1933.jar:na]
	at org.eclipse.m2e.core.internal.project.registry.ProjectRegistryManager.execute(ProjectRegistryManager.java:967) ~[org.eclipse.m2e.core_1.7.0.20160603-1933.jar:na]
	at org.eclipse.m2e.core.internal.project.registry.ProjectRegistryManager.readProjectWithDependencies(ProjectRegistryManager.java:811) ~[org.eclipse.m2e.core_1.7.0.20160603-1933.jar:na]
	at org.eclipse.m2e.core.internal.project.registry.ProjectRegistryManager.create(ProjectRegistryManager.java:192) ~[org.eclipse.m2e.core_1.7.0.20160603-1933.jar:na]
	at org.eclipse.m2e.core.internal.project.registry.MavenProjectManager.create(MavenProjectManager.java:80) [org.eclipse.m2e.core_1.7.0.20160603-1933.jar:na]
	at org.eclipse.m2e.core.ui.internal.actions.SelectionUtil.getMavenProject(SelectionUtil.java:259) [org.eclipse.m2e.core.ui_1.7.0.20160603-1933.jar:na]
	at org.eclipse.m2e.editor.pom.MavenPomEditor.readMavenProject(MavenPomEditor.java:732) [org.eclipse.m2e.editor_1.7.0.20160603-1933.jar:na]
	at org.eclipse.m2e.editor.pom.MavenPomEditor$5.run(MavenPomEditor.java:1053) [org.eclipse.m2e.editor_1.7.0.20160603-1933.jar:na]
	at org.eclipse.core.internal.jobs.Worker.run(Worker.java:55) [org.eclipse.core.jobs_3.8.0.v20160509-0411.jar:na]
Caused by: org.apache.maven.model.building.ModelBuildingException: 1 problem was encountered while building the effective model
[FATAL] Non-parseable POM C:\Users\yasse\ScalaApps\AkkaMavenIntegrator\pom.xml: Duplicated tag: 'groupId' (position: START_TAG seen ...</groupId>\r\n  \t\t<groupId>... @22:14)  @ line 22, column 14

	at org.apache.maven.model.building.DefaultModelProblemCollector.newModelBuildingException(DefaultModelProblemCollector.java:197) ~[maven-model-builder-3.3.9.jar:3.3.9]
	at org.apache.maven.model.building.DefaultModelBuilder.readModel(DefaultModelBuilder.java:579) ~[maven-model-builder-3.3.9.jar:3.3.9]
	at org.apache.maven.model.building.DefaultModelBuilder.build(DefaultModelBuilder.java:273) ~[maven-model-builder-3.3.9.jar:3.3.9]
	at org.apache.maven.project.DefaultProjectBuilder.build(DefaultProjectBuilder.java:161) ~[maven-core-3.3.9.jar:3.3.9]
	... 15 common frames omitted
2017-06-21 22:59:21,976 [Worker-156] ERROR o.e.m.c.i.p.r.ProjectRegistryManager - Could not read pom.xml
org.eclipse.core.runtime.CoreException: Could not read pom.xml
	at org.eclipse.m2e.core.internal.embedder.MavenImpl.readModel(MavenImpl.java:565) ~[org.eclipse.m2e.core_1.7.0.20160603-1933.jar:na]
	at org.eclipse.m2e.core.internal.embedder.MavenImpl.readModel(MavenImpl.java:574) ~[org.eclipse.m2e.core_1.7.0.20160603-1933.jar:na]
	at org.eclipse.m2e.core.internal.project.registry.ProjectRegistryManager.refreshPhase2(ProjectRegistryManager.java:542) [org.eclipse.m2e.core_1.7.0.20160603-1933.jar:na]
	at org.eclipse.m2e.core.internal.project.registry.ProjectRegistryManager.refresh(ProjectRegistryManager.java:498) [org.eclipse.m2e.core_1.7.0.20160603-1933.jar:na]
	at org.eclipse.m2e.core.internal.project.registry.ProjectRegistryManager.refresh(ProjectRegistryManager.java:351) [org.eclipse.m2e.core_1.7.0.20160603-1933.jar:na]
	at org.eclipse.m2e.core.internal.project.registry.ProjectRegistryManager.refresh(ProjectRegistryManager.java:298) [org.eclipse.m2e.core_1.7.0.20160603-1933.jar:na]
	at org.eclipse.m2e.core.internal.builder.MavenBuilder$BuildMethod.getProjectFacade(MavenBuilder.java:154) [org.eclipse.m2e.core_1.7.0.20160603-1933.jar:na]
	at org.eclipse.m2e.core.internal.builder.MavenBuilder$BuildMethod$1.call(MavenBuilder.java:89) [org.eclipse.m2e.core_1.7.0.20160603-1933.jar:na]
	at org.eclipse.m2e.core.internal.embedder.MavenExecutionContext.executeBare(MavenExecutionContext.java:176) [org.eclipse.m2e.core_1.7.0.20160603-1933.jar:na]
	at org.eclipse.m2e.core.internal.embedder.MavenExecutionContext.execute(MavenExecutionContext.java:151) [org.eclipse.m2e.core_1.7.0.20160603-1933.jar:na]
	at org.eclipse.m2e.core.internal.embedder.MavenExecutionContext.execute(MavenExecutionContext.java:99) [org.eclipse.m2e.core_1.7.0.20160603-1933.jar:na]
	at org.eclipse.m2e.core.internal.builder.MavenBuilder$BuildMethod.execute(MavenBuilder.java:86) [org.eclipse.m2e.core_1.7.0.20160603-1933.jar:na]
	at org.eclipse.m2e.core.internal.builder.MavenBuilder.build(MavenBuilder.java:200) [org.eclipse.m2e.core_1.7.0.20160603-1933.jar:na]
	at org.eclipse.core.internal.events.BuildManager$2.run(BuildManager.java:735) [org.eclipse.core.resources_3.11.1.v20161107-2032.jar:na]
	at org.eclipse.core.runtime.SafeRunner.run(SafeRunner.java:42) [org.eclipse.equinox.common_3.8.0.v20160509-1230.jar:na]
	at org.eclipse.core.internal.events.BuildManager.basicBuild(BuildManager.java:206) [org.eclipse.core.resources_3.11.1.v20161107-2032.jar:na]
	at org.eclipse.core.internal.events.BuildManager.basicBuild(BuildManager.java:246) [org.eclipse.core.resources_3.11.1.v20161107-2032.jar:na]
	at org.eclipse.core.internal.events.BuildManager$1.run(BuildManager.java:301) [org.eclipse.core.resources_3.11.1.v20161107-2032.jar:na]
	at org.eclipse.core.runtime.SafeRunner.run(SafeRunner.java:42) [org.eclipse.equinox.common_3.8.0.v20160509-1230.jar:na]
	at org.eclipse.core.internal.events.BuildManager.basicBuild(BuildManager.java:304) [org.eclipse.core.resources_3.11.1.v20161107-2032.jar:na]
	at org.eclipse.core.internal.events.BuildManager.basicBuildLoop(BuildManager.java:360) [org.eclipse.core.resources_3.11.1.v20161107-2032.jar:na]
	at org.eclipse.core.internal.events.BuildManager.build(BuildManager.java:383) [org.eclipse.core.resources_3.11.1.v20161107-2032.jar:na]
	at org.eclipse.core.internal.events.AutoBuildJob.doBuild(AutoBuildJob.java:144) [org.eclipse.core.resources_3.11.1.v20161107-2032.jar:na]
	at org.eclipse.core.internal.events.AutoBuildJob.run(AutoBuildJob.java:235) [org.eclipse.core.resources_3.11.1.v20161107-2032.jar:na]
	at org.eclipse.core.internal.jobs.Worker.run(Worker.java:55) [org.eclipse.core.jobs_3.8.0.v20160509-0411.jar:na]
Caused by: org.apache.maven.model.io.ModelParseException: Duplicated tag: 'groupId' (position: START_TAG seen ...</groupId>\r\n  \t\t<groupId>... @22:14) 
	at org.apache.maven.model.io.DefaultModelReader.read(DefaultModelReader.java:122) ~[maven-model-builder-3.3.9.jar:3.3.9]
	at org.apache.maven.model.io.DefaultModelReader.read(DefaultModelReader.java:86) ~[maven-model-builder-3.3.9.jar:3.3.9]
	at org.eclipse.m2e.core.internal.embedder.MavenImpl.readModel(MavenImpl.java:563) ~[org.eclipse.m2e.core_1.7.0.20160603-1933.jar:na]
	... 24 common frames omitted
Caused by: org.codehaus.plexus.util.xml.pull.XmlPullParserException: Duplicated tag: 'groupId' (position: START_TAG seen ...</groupId>\r\n  \t\t<groupId>... @22:14) 
	at org.apache.maven.model.io.xpp3.MavenXpp3Reader.checkFieldWithDuplicate(MavenXpp3Reader.java:140) ~[maven-model-3.3.9.jar:3.3.9]
	at org.apache.maven.model.io.xpp3.MavenXpp3Reader.parseDependency(MavenXpp3Reader.java:1352) ~[maven-model-3.3.9.jar:3.3.9]
	at org.apache.maven.model.io.xpp3.MavenXpp3Reader.parseModel(MavenXpp3Reader.java:2235) ~[maven-model-3.3.9.jar:3.3.9]
	at org.apache.maven.model.io.xpp3.MavenXpp3Reader.read(MavenXpp3Reader.java:3845) ~[maven-model-3.3.9.jar:3.3.9]
	at org.apache.maven.model.io.xpp3.MavenXpp3Reader.read(MavenXpp3Reader.java:595) ~[maven-model-3.3.9.jar:3.3.9]
	at org.apache.maven.model.io.DefaultModelReader.read(DefaultModelReader.java:117) ~[maven-model-builder-3.3.9.jar:3.3.9]
	... 26 common frames omitted
2017-06-21 23:00:04,577 [Worker-155] INFO  o.e.m.c.i.e.AbstractTransferListenerAdapter - Downloading https://repo.maven.apache.org/maven2/com/typesafe/akka/akka-actor_2.11/2.5.2/akka-actor_2.11-2.5.2.pom
2017-06-21 23:00:04,659 [Worker-155] INFO  o.e.m.c.i.e.AbstractTransferListenerAdapter - Downloaded https://repo.maven.apache.org/maven2/com/typesafe/akka/akka-actor_2.11/2.5.2/akka-actor_2.11-2.5.2.pom
2017-06-21 23:00:04,679 [Worker-155] INFO  o.e.m.c.i.e.AbstractTransferListenerAdapter - Downloading https://repo.maven.apache.org/maven2/org/scala-lang/scala-library/2.11.11/scala-library-2.11.11.pom
2017-06-21 23:00:04,698 [Worker-155] INFO  o.e.m.c.i.e.AbstractTransferListenerAdapter - Downloaded https://repo.maven.apache.org/maven2/org/scala-lang/scala-library/2.11.11/scala-library-2.11.11.pom
2017-06-21 23:00:04,723 [Worker-155] INFO  o.e.m.c.i.e.AbstractTransferListenerAdapter - Downloading https://repo.maven.apache.org/maven2/com/typesafe/config/1.3.1/config-1.3.1.pom
2017-06-21 23:00:04,739 [Worker-155] INFO  o.e.m.c.i.e.AbstractTransferListenerAdapter - Downloaded https://repo.maven.apache.org/maven2/com/typesafe/config/1.3.1/config-1.3.1.pom
2017-06-21 23:00:04,824 [Worker-155] INFO  o.e.m.c.i.e.AbstractTransferListenerAdapter - Downloading https://repo.maven.apache.org/maven2/org/scala-lang/modules/scala-java8-compat_2.11/0.7.0/scala-java8-compat_2.11-0.7.0.pom
2017-06-21 23:00:04,861 [Worker-155] INFO  o.e.m.c.i.e.AbstractTransferListenerAdapter - Downloaded https://repo.maven.apache.org/maven2/org/scala-lang/modules/scala-java8-compat_2.11/0.7.0/scala-java8-compat_2.11-0.7.0.pom
2017-06-21 23:00:04,882 [Worker-155] INFO  o.e.m.c.i.e.AbstractTransferListenerAdapter - Downloading https://repo.maven.apache.org/maven2/org/scala-lang/scala-library/2.11.7/scala-library-2.11.7.pom
2017-06-21 23:00:04,901 [Worker-155] INFO  o.e.m.c.i.e.AbstractTransferListenerAdapter - Downloaded https://repo.maven.apache.org/maven2/org/scala-lang/scala-library/2.11.7/scala-library-2.11.7.pom
2017-06-21 23:00:04,961 [Worker-155] INFO  o.e.m.c.i.e.AbstractTransferListenerAdapter - Downloading https://repo.maven.apache.org/maven2/com/typesafe/akka/akka-actor_2.11/2.5.2/akka-actor_2.11-2.5.2.jar
2017-06-21 23:00:05,588 [Worker-160] INFO  o.e.m.c.i.l.LifecycleMappingFactory - Using org.eclipse.m2e.jdt.JarLifecycleMapping lifecycle mapping for MavenProject: AkkaMavenIntegrator:AkkaMavenIntegrator:0.0.1-SNAPSHOT @ C:\Users\yasse\ScalaApps\AkkaMavenIntegrator\pom.xml.
2017-06-21 23:00:06,447 [Worker-155] INFO  o.e.m.c.i.e.AbstractTransferListenerAdapter - Downloaded https://repo.maven.apache.org/maven2/com/typesafe/akka/akka-actor_2.11/2.5.2/akka-actor_2.11-2.5.2.jar
2017-06-21 23:00:06,451 [Worker-160] INFO  o.e.m.c.i.e.AbstractTransferListenerAdapter - Downloading https://repo.maven.apache.org/maven2/com/typesafe/akka/akka-actor_2.11/2.5.2/akka-actor_2.11-2.5.2.jar
2017-06-21 23:00:06,478 [Worker-155] INFO  o.e.m.c.i.e.AbstractTransferListenerAdapter - Downloading https://repo.maven.apache.org/maven2/org/scala-lang/scala-library/2.11.11/scala-library-2.11.11.jar
2017-06-21 23:00:09,315 [Worker-155] INFO  o.e.m.c.i.e.AbstractTransferListenerAdapter - Downloaded https://repo.maven.apache.org/maven2/org/scala-lang/scala-library/2.11.11/scala-library-2.11.11.jar
2017-06-21 23:00:09,384 [Worker-155] INFO  o.e.m.c.i.e.AbstractTransferListenerAdapter - Downloading https://repo.maven.apache.org/maven2/com/typesafe/config/1.3.1/config-1.3.1.jar
2017-06-21 23:00:09,696 [Worker-155] INFO  o.e.m.c.i.e.AbstractTransferListenerAdapter - Downloaded https://repo.maven.apache.org/maven2/com/typesafe/config/1.3.1/config-1.3.1.jar
2017-06-21 23:00:09,800 [Worker-155] INFO  o.e.m.c.i.e.AbstractTransferListenerAdapter - Downloading https://repo.maven.apache.org/maven2/org/scala-lang/modules/scala-java8-compat_2.11/0.7.0/scala-java8-compat_2.11-0.7.0.jar
2017-06-21 23:00:10,129 [Worker-155] INFO  o.e.m.c.i.e.AbstractTransferListenerAdapter - Downloaded https://repo.maven.apache.org/maven2/org/scala-lang/modules/scala-java8-compat_2.11/0.7.0/scala-java8-compat_2.11-0.7.0.jar
2017-06-21 23:00:10,471 [Worker-160] INFO  o.e.m.c.i.e.AbstractTransferListenerAdapter - Downloaded https://repo.maven.apache.org/maven2/com/typesafe/akka/akka-actor_2.11/2.5.2/akka-actor_2.11-2.5.2.jar
2017-06-21 23:00:10,488 [Worker-160] INFO  o.e.m.c.i.e.AbstractTransferListenerAdapter - Downloading https://repo.maven.apache.org/maven2/org/scala-lang/scala-library/2.11.11/scala-library-2.11.11.jar
2017-06-21 23:00:12,647 [Worker-160] INFO  o.e.m.c.i.e.AbstractTransferListenerAdapter - Downloaded https://repo.maven.apache.org/maven2/org/scala-lang/scala-library/2.11.11/scala-library-2.11.11.jar
2017-06-21 23:00:12,671 [Worker-160] INFO  o.e.m.c.i.e.AbstractTransferListenerAdapter - Downloading https://repo.maven.apache.org/maven2/com/typesafe/config/1.3.1/config-1.3.1.jar
2017-06-21 23:00:12,847 [Worker-160] INFO  o.e.m.c.i.e.AbstractTransferListenerAdapter - Downloaded https://repo.maven.apache.org/maven2/com/typesafe/config/1.3.1/config-1.3.1.jar
2017-06-21 23:00:12,861 [Worker-160] INFO  o.e.m.c.i.e.AbstractTransferListenerAdapter - Downloading https://repo.maven.apache.org/maven2/org/scala-lang/modules/scala-java8-compat_2.11/0.7.0/scala-java8-compat_2.11-0.7.0.jar
2017-06-21 23:00:13,173 [Worker-160] INFO  o.e.m.c.i.e.AbstractTransferListenerAdapter - Downloaded https://repo.maven.apache.org/maven2/org/scala-lang/modules/scala-java8-compat_2.11/0.7.0/scala-java8-compat_2.11-0.7.0.jar
2017-06-21 23:00:13,501 [Worker-160] WARN  o.e.m.c.i.embedder.EclipseLogger - Using platform encoding (Cp1252 actually) to copy filtered resources, i.e. build is platform dependent!
2017-06-21 23:00:13,502 [Worker-160] INFO  o.e.m.c.i.embedder.EclipseLogger - skip non existing resourceDirectory C:\Users\yasse\ScalaApps\AkkaMavenIntegrator\src\main\resources
2017-06-21 23:00:13,503 [Worker-160] WARN  o.e.m.c.i.embedder.EclipseLogger - Using platform encoding (Cp1252 actually) to copy filtered resources, i.e. build is platform dependent!
2017-06-21 23:00:13,504 [Worker-160] INFO  o.e.m.c.i.embedder.EclipseLogger - skip non existing resourceDirectory C:\Users\yasse\ScalaApps\AkkaMavenIntegrator\src\test\resources
2017-06-21 23:02:24,759 [Worker-158] INFO  o.e.m.c.i.e.AbstractTransferListenerAdapter - Downloading https://repo.maven.apache.org/maven2/com/typesafe/akka/akka-testkit_2.11/2.5.2/akka-testkit_2.11-2.5.2.pom
2017-06-21 23:02:24,833 [Worker-158] INFO  o.e.m.c.i.e.AbstractTransferListenerAdapter - Downloaded https://repo.maven.apache.org/maven2/com/typesafe/akka/akka-testkit_2.11/2.5.2/akka-testkit_2.11-2.5.2.pom
2017-06-21 23:02:24,865 [Worker-158] INFO  o.e.m.c.i.e.AbstractTransferListenerAdapter - Downloading https://repo.maven.apache.org/maven2/org/scalatest/scalatest_2.12/3.0.3/scalatest_2.12-3.0.3.pom
2017-06-21 23:02:24,884 [Worker-158] INFO  o.e.m.c.i.e.AbstractTransferListenerAdapter - Downloaded https://repo.maven.apache.org/maven2/org/scalatest/scalatest_2.12/3.0.3/scalatest_2.12-3.0.3.pom
2017-06-21 23:02:24,901 [Worker-158] INFO  o.e.m.c.i.e.AbstractTransferListenerAdapter - Downloading https://repo.maven.apache.org/maven2/org/scala-lang/scala-library/2.12.1/scala-library-2.12.1.pom
2017-06-21 23:02:24,914 [Worker-158] INFO  o.e.m.c.i.e.AbstractTransferListenerAdapter - Downloaded https://repo.maven.apache.org/maven2/org/scala-lang/scala-library/2.12.1/scala-library-2.12.1.pom
2017-06-21 23:02:24,932 [Worker-158] INFO  o.e.m.c.i.e.AbstractTransferListenerAdapter - Downloading https://repo.maven.apache.org/maven2/org/scalactic/scalactic_2.12/3.0.3/scalactic_2.12-3.0.3.pom
2017-06-21 23:02:24,969 [Worker-158] INFO  o.e.m.c.i.e.AbstractTransferListenerAdapter - Downloaded https://repo.maven.apache.org/maven2/org/scalactic/scalactic_2.12/3.0.3/scalactic_2.12-3.0.3.pom
2017-06-21 23:02:25,019 [Worker-158] INFO  o.e.m.c.i.e.AbstractTransferListenerAdapter - Downloading https://repo.maven.apache.org/maven2/org/scala-lang/scala-reflect/2.12.1/scala-reflect-2.12.1.pom
2017-06-21 23:02:25,035 [Worker-158] INFO  o.e.m.c.i.e.AbstractTransferListenerAdapter - Downloaded https://repo.maven.apache.org/maven2/org/scala-lang/scala-reflect/2.12.1/scala-reflect-2.12.1.pom
2017-06-21 23:02:25,056 [Worker-158] INFO  o.e.m.c.i.e.AbstractTransferListenerAdapter - Downloading https://repo.maven.apache.org/maven2/org/scala-lang/modules/scala-xml_2.12/1.0.5/scala-xml_2.12-1.0.5.pom
2017-06-21 23:02:25,072 [Worker-158] INFO  o.e.m.c.i.e.AbstractTransferListenerAdapter - Downloaded https://repo.maven.apache.org/maven2/org/scala-lang/modules/scala-xml_2.12/1.0.5/scala-xml_2.12-1.0.5.pom
2017-06-21 23:02:25,098 [Worker-158] INFO  o.e.m.c.i.e.AbstractTransferListenerAdapter - Downloading https://repo.maven.apache.org/maven2/org/scala-lang/scala-library/2.12.0/scala-library-2.12.0.pom
2017-06-21 23:02:25,238 [Worker-160] INFO  o.e.m.c.i.l.LifecycleMappingFactory - Using org.eclipse.m2e.jdt.JarLifecycleMapping lifecycle mapping for MavenProject: AkkaMavenIntegrator:AkkaMavenIntegrator:0.0.1-SNAPSHOT @ C:\Users\yasse\ScalaApps\AkkaMavenIntegrator\pom.xml.
2017-06-21 23:02:25,249 [Worker-158] INFO  o.e.m.c.i.e.AbstractTransferListenerAdapter - Downloaded https://repo.maven.apache.org/maven2/org/scala-lang/scala-library/2.12.0/scala-library-2.12.0.pom
2017-06-21 23:02:25,278 [Worker-158] INFO  o.e.m.c.i.e.AbstractTransferListenerAdapter - Downloading https://repo.maven.apache.org/maven2/org/scala-lang/modules/scala-parser-combinators_2.12/1.0.4/scala-parser-combinators_2.12-1.0.4.pom
2017-06-21 23:02:25,293 [Worker-158] INFO  o.e.m.c.i.e.AbstractTransferListenerAdapter - Downloaded https://repo.maven.apache.org/maven2/org/scala-lang/modules/scala-parser-combinators_2.12/1.0.4/scala-parser-combinators_2.12-1.0.4.pom
2017-06-21 23:02:25,374 [Worker-158] INFO  o.e.m.c.i.e.AbstractTransferListenerAdapter - Downloading https://repo.maven.apache.org/maven2/com/typesafe/akka/akka-testkit_2.11/2.5.2/akka-testkit_2.11-2.5.2.jar
2017-06-21 23:02:25,410 [Worker-160] INFO  o.e.m.c.i.e.AbstractTransferListenerAdapter - Downloading https://repo.maven.apache.org/maven2/org/scala-lang/modules/scala-parser-combinators_2.12/1.0.4/scala-parser-combinators_2.12-1.0.4.pom
2017-06-21 23:02:25,450 [Worker-160] INFO  o.e.m.c.i.e.AbstractTransferListenerAdapter - Downloaded https://repo.maven.apache.org/maven2/org/scala-lang/modules/scala-parser-combinators_2.12/1.0.4/scala-parser-combinators_2.12-1.0.4.pom
2017-06-21 23:02:25,513 [Worker-160] INFO  o.e.m.c.i.e.AbstractTransferListenerAdapter - Downloading https://repo.maven.apache.org/maven2/com/typesafe/akka/akka-testkit_2.11/2.5.2/akka-testkit_2.11-2.5.2.jar
2017-06-21 23:02:25,690 [Worker-158] INFO  o.e.m.c.i.e.AbstractTransferListenerAdapter - Downloaded https://repo.maven.apache.org/maven2/com/typesafe/akka/akka-testkit_2.11/2.5.2/akka-testkit_2.11-2.5.2.jar
2017-06-21 23:02:25,738 [Worker-158] INFO  o.e.m.c.i.e.AbstractTransferListenerAdapter - Downloading https://repo.maven.apache.org/maven2/org/scalatest/scalatest_2.12/3.0.3/scalatest_2.12-3.0.3.jar
2017-06-21 23:02:26,117 [Worker-160] INFO  o.e.m.c.i.e.AbstractTransferListenerAdapter - Downloaded https://repo.maven.apache.org/maven2/com/typesafe/akka/akka-testkit_2.11/2.5.2/akka-testkit_2.11-2.5.2.jar
2017-06-21 23:02:26,305 [Worker-160] INFO  o.e.m.c.i.e.AbstractTransferListenerAdapter - Downloading https://repo.maven.apache.org/maven2/org/scalatest/scalatest_2.12/3.0.3/scalatest_2.12-3.0.3.jar
2017-06-21 23:02:33,527 [Worker-158] INFO  o.e.m.c.i.e.AbstractTransferListenerAdapter - Downloaded https://repo.maven.apache.org/maven2/org/scalatest/scalatest_2.12/3.0.3/scalatest_2.12-3.0.3.jar
2017-06-21 23:02:33,951 [Worker-158] INFO  o.e.m.c.i.e.AbstractTransferListenerAdapter - Downloading https://repo.maven.apache.org/maven2/org/scalactic/scalactic_2.12/3.0.3/scalactic_2.12-3.0.3.jar
2017-06-21 23:02:35,351 [Worker-158] INFO  o.e.m.c.i.e.AbstractTransferListenerAdapter - Downloaded https://repo.maven.apache.org/maven2/org/scalactic/scalactic_2.12/3.0.3/scalactic_2.12-3.0.3.jar
2017-06-21 23:02:35,516 [Worker-158] INFO  o.e.m.c.i.e.AbstractTransferListenerAdapter - Downloading https://repo.maven.apache.org/maven2/org/scala-lang/scala-reflect/2.12.1/scala-reflect-2.12.1.jar
2017-06-21 23:02:37,183 [Worker-158] INFO  o.e.m.c.i.e.AbstractTransferListenerAdapter - Downloaded https://repo.maven.apache.org/maven2/org/scala-lang/scala-reflect/2.12.1/scala-reflect-2.12.1.jar
2017-06-21 23:02:37,231 [Worker-158] INFO  o.e.m.c.i.e.AbstractTransferListenerAdapter - Downloading https://repo.maven.apache.org/maven2/org/scala-lang/modules/scala-xml_2.12/1.0.5/scala-xml_2.12-1.0.5.jar
2017-06-21 23:02:37,481 [Worker-158] INFO  o.e.m.c.i.e.AbstractTransferListenerAdapter - Downloaded https://repo.maven.apache.org/maven2/org/scala-lang/modules/scala-xml_2.12/1.0.5/scala-xml_2.12-1.0.5.jar
2017-06-21 23:02:37,502 [Worker-158] INFO  o.e.m.c.i.e.AbstractTransferListenerAdapter - Downloading https://repo.maven.apache.org/maven2/org/scala-lang/modules/scala-parser-combinators_2.12/1.0.4/scala-parser-combinators_2.12-1.0.4.jar
2017-06-21 23:02:37,581 [Worker-158] INFO  o.e.m.c.i.e.AbstractTransferListenerAdapter - Downloaded https://repo.maven.apache.org/maven2/org/scala-lang/modules/scala-parser-combinators_2.12/1.0.4/scala-parser-combinators_2.12-1.0.4.jar
2017-06-21 23:02:37,614 [Worker-160] INFO  o.e.m.c.i.e.AbstractTransferListenerAdapter - Downloaded https://repo.maven.apache.org/maven2/org/scalatest/scalatest_2.12/3.0.3/scalatest_2.12-3.0.3.jar
2017-06-21 23:02:37,640 [Worker-160] INFO  o.e.m.c.i.e.AbstractTransferListenerAdapter - Downloading https://repo.maven.apache.org/maven2/org/scalactic/scalactic_2.12/3.0.3/scalactic_2.12-3.0.3.jar
2017-06-21 23:02:37,859 [Worker-160] INFO  o.e.m.c.i.e.AbstractTransferListenerAdapter - Downloaded https://repo.maven.apache.org/maven2/org/scalactic/scalactic_2.12/3.0.3/scalactic_2.12-3.0.3.jar
2017-06-21 23:02:37,898 [Worker-160] INFO  o.e.m.c.i.e.AbstractTransferListenerAdapter - Downloading https://repo.maven.apache.org/maven2/org/scala-lang/scala-reflect/2.12.1/scala-reflect-2.12.1.jar
2017-06-21 23:02:38,801 [Worker-160] INFO  o.e.m.c.i.e.AbstractTransferListenerAdapter - Downloaded https://repo.maven.apache.org/maven2/org/scala-lang/scala-reflect/2.12.1/scala-reflect-2.12.1.jar
2017-06-21 23:02:38,826 [Worker-160] INFO  o.e.m.c.i.e.AbstractTransferListenerAdapter - Downloading https://repo.maven.apache.org/maven2/org/scala-lang/modules/scala-xml_2.12/1.0.5/scala-xml_2.12-1.0.5.jar
2017-06-21 23:02:39,026 [Worker-160] INFO  o.e.m.c.i.e.AbstractTransferListenerAdapter - Downloaded https://repo.maven.apache.org/maven2/org/scala-lang/modules/scala-xml_2.12/1.0.5/scala-xml_2.12-1.0.5.jar
2017-06-21 23:02:39,040 [Worker-160] INFO  o.e.m.c.i.e.AbstractTransferListenerAdapter - Downloading https://repo.maven.apache.org/maven2/org/scala-lang/modules/scala-parser-combinators_2.12/1.0.4/scala-parser-combinators_2.12-1.0.4.jar
2017-06-21 23:02:39,130 [Worker-160] INFO  o.e.m.c.i.e.AbstractTransferListenerAdapter - Downloaded https://repo.maven.apache.org/maven2/org/scala-lang/modules/scala-parser-combinators_2.12/1.0.4/scala-parser-combinators_2.12-1.0.4.jar
2017-06-21 23:02:39,437 [Worker-160] WARN  o.e.m.c.i.embedder.EclipseLogger - Using platform encoding (Cp1252 actually) to copy filtered resources, i.e. build is platform dependent!
2017-06-21 23:02:39,438 [Worker-160] INFO  o.e.m.c.i.embedder.EclipseLogger - skip non existing resourceDirectory C:\Users\yasse\ScalaApps\AkkaMavenIntegrator\src\main\resources
2017-06-21 23:02:39,440 [Worker-160] WARN  o.e.m.c.i.embedder.EclipseLogger - Using platform encoding (Cp1252 actually) to copy filtered resources, i.e. build is platform dependent!
2017-06-21 23:02:39,441 [Worker-160] INFO  o.e.m.c.i.embedder.EclipseLogger - skip non existing resourceDirectory C:\Users\yasse\ScalaApps\AkkaMavenIntegrator\src\test\resources
2017-06-21 23:03:00,364 [Worker-160] WARN  o.e.m.c.i.embedder.EclipseLogger - Using platform encoding (Cp1252 actually) to copy filtered resources, i.e. build is platform dependent!
2017-06-21 23:03:00,365 [Worker-160] INFO  o.e.m.c.i.embedder.EclipseLogger - skip non existing resourceDirectory C:\Users\yasse\ScalaApps\AkkaMavenIntegrator\src\main\resources
2017-06-21 23:03:00,366 [Worker-160] WARN  o.e.m.c.i.embedder.EclipseLogger - Using platform encoding (Cp1252 actually) to copy filtered resources, i.e. build is platform dependent!
2017-06-21 23:03:00,366 [Worker-160] INFO  o.e.m.c.i.embedder.EclipseLogger - skip non existing resourceDirectory C:\Users\yasse\ScalaApps\AkkaMavenIntegrator\src\test\resources
2017-06-21 23:03:09,999 [Worker-164] WARN  o.e.m.c.i.embedder.EclipseLogger - Using platform encoding (Cp1252 actually) to copy filtered resources, i.e. build is platform dependent!
2017-06-21 23:03:10,000 [Worker-164] INFO  o.e.m.c.i.embedder.EclipseLogger - skip non existing resourceDirectory C:\Users\yasse\ScalaApps\AkkaMavenIntegrator\src\main\resources
2017-06-21 23:03:10,002 [Worker-164] WARN  o.e.m.c.i.embedder.EclipseLogger - Using platform encoding (Cp1252 actually) to copy filtered resources, i.e. build is platform dependent!
2017-06-21 23:03:10,003 [Worker-164] INFO  o.e.m.c.i.embedder.EclipseLogger - skip non existing resourceDirectory C:\Users\yasse\ScalaApps\AkkaMavenIntegrator\src\test\resources
2017-06-21 23:05:14,187 [Worker-158] WARN  o.e.m.c.i.embedder.EclipseLogger - Using platform encoding (Cp1252 actually) to copy filtered resources, i.e. build is platform dependent!
2017-06-21 23:05:14,188 [Worker-158] INFO  o.e.m.c.i.embedder.EclipseLogger - skip non existing resourceDirectory C:\Users\yasse\ScalaApps\AkkaMavenIntegrator\src\main\resources
2017-06-21 23:05:14,190 [Worker-158] WARN  o.e.m.c.i.embedder.EclipseLogger - Using platform encoding (Cp1252 actually) to copy filtered resources, i.e. build is platform dependent!
2017-06-21 23:05:14,191 [Worker-158] INFO  o.e.m.c.i.embedder.EclipseLogger - skip non existing resourceDirectory C:\Users\yasse\ScalaApps\AkkaMavenIntegrator\src\test\resources
2017-06-21 23:05:26,434 [Worker-165] WARN  o.e.m.c.i.embedder.EclipseLogger - Using platform encoding (Cp1252 actually) to copy filtered resources, i.e. build is platform dependent!
2017-06-21 23:05:26,435 [Worker-165] INFO  o.e.m.c.i.embedder.EclipseLogger - skip non existing resourceDirectory C:\Users\yasse\ScalaApps\AkkaMavenIntegrator\src\main\resources
2017-06-21 23:05:26,436 [Worker-165] WARN  o.e.m.c.i.embedder.EclipseLogger - Using platform encoding (Cp1252 actually) to copy filtered resources, i.e. build is platform dependent!
2017-06-21 23:05:26,437 [Worker-165] INFO  o.e.m.c.i.embedder.EclipseLogger - skip non existing resourceDirectory C:\Users\yasse\ScalaApps\AkkaMavenIntegrator\src\test\resources
2017-06-22 02:03:04,557 [Worker-180] WARN  o.e.m.c.i.embedder.EclipseLogger - Using platform encoding (Cp1252 actually) to copy filtered resources, i.e. build is platform dependent!
2017-06-22 02:03:04,558 [Worker-180] INFO  o.e.m.c.i.embedder.EclipseLogger - skip non existing resourceDirectory C:\Users\yasse\ScalaApps\AkkaMavenIntegrator\src\main\resources
2017-06-22 02:03:04,560 [Worker-180] WARN  o.e.m.c.i.embedder.EclipseLogger - Using platform encoding (Cp1252 actually) to copy filtered resources, i.e. build is platform dependent!
2017-06-22 02:03:04,560 [Worker-180] INFO  o.e.m.c.i.embedder.EclipseLogger - skip non existing resourceDirectory C:\Users\yasse\ScalaApps\AkkaMavenIntegrator\src\test\resources
2017-06-22 02:04:57,991 [Worker-182] WARN  o.e.m.c.i.embedder.EclipseLogger - Using platform encoding (Cp1252 actually) to copy filtered resources, i.e. build is platform dependent!
2017-06-22 02:04:57,991 [Worker-182] INFO  o.e.m.c.i.embedder.EclipseLogger - skip non existing resourceDirectory C:\Users\yasse\ScalaApps\AkkaMavenIntegrator\src\main\resources
2017-06-22 02:04:57,993 [Worker-182] WARN  o.e.m.c.i.embedder.EclipseLogger - Using platform encoding (Cp1252 actually) to copy filtered resources, i.e. build is platform dependent!
2017-06-22 02:04:57,994 [Worker-182] INFO  o.e.m.c.i.embedder.EclipseLogger - skip non existing resourceDirectory C:\Users\yasse\ScalaApps\AkkaMavenIntegrator\src\test\resources
2017-06-22 02:05:44,770 [Worker-178] WARN  o.e.m.c.i.embedder.EclipseLogger - Using platform encoding (Cp1252 actually) to copy filtered resources, i.e. build is platform dependent!
2017-06-22 02:05:44,771 [Worker-178] INFO  o.e.m.c.i.embedder.EclipseLogger - skip non existing resourceDirectory C:\Users\yasse\ScalaApps\AkkaMavenIntegrator\src\main\resources
2017-06-22 02:05:44,780 [Worker-178] WARN  o.e.m.c.i.embedder.EclipseLogger - Using platform encoding (Cp1252 actually) to copy filtered resources, i.e. build is platform dependent!
2017-06-22 02:05:44,781 [Worker-178] INFO  o.e.m.c.i.embedder.EclipseLogger - skip non existing resourceDirectory C:\Users\yasse\ScalaApps\AkkaMavenIntegrator\src\test\resources
2017-06-22 02:08:42,095 [Worker-176] WARN  o.e.m.c.i.embedder.EclipseLogger - Using platform encoding (Cp1252 actually) to copy filtered resources, i.e. build is platform dependent!
2017-06-22 02:08:42,096 [Worker-176] INFO  o.e.m.c.i.embedder.EclipseLogger - skip non existing resourceDirectory C:\Users\yasse\ScalaApps\AkkaMavenIntegrator\src\main\resources
2017-06-22 02:08:42,097 [Worker-176] WARN  o.e.m.c.i.embedder.EclipseLogger - Using platform encoding (Cp1252 actually) to copy filtered resources, i.e. build is platform dependent!
2017-06-22 02:08:42,098 [Worker-176] INFO  o.e.m.c.i.embedder.EclipseLogger - skip non existing resourceDirectory C:\Users\yasse\ScalaApps\AkkaMavenIntegrator\src\test\resources
2017-06-22 02:10:36,602 [Worker-176] WARN  o.e.m.c.i.embedder.EclipseLogger - Using platform encoding (Cp1252 actually) to copy filtered resources, i.e. build is platform dependent!
2017-06-22 02:10:36,604 [Worker-176] INFO  o.e.m.c.i.embedder.EclipseLogger - skip non existing resourceDirectory C:\Users\yasse\ScalaApps\AkkaMavenIntegrator\src\main\resources
2017-06-22 02:10:36,605 [Worker-176] WARN  o.e.m.c.i.embedder.EclipseLogger - Using platform encoding (Cp1252 actually) to copy filtered resources, i.e. build is platform dependent!
2017-06-22 02:10:36,606 [Worker-176] INFO  o.e.m.c.i.embedder.EclipseLogger - skip non existing resourceDirectory C:\Users\yasse\ScalaApps\AkkaMavenIntegrator\src\test\resources
2017-06-22 02:11:14,195 [Worker-183] WARN  o.e.m.c.i.embedder.EclipseLogger - Using platform encoding (Cp1252 actually) to copy filtered resources, i.e. build is platform dependent!
2017-06-22 02:11:14,197 [Worker-183] INFO  o.e.m.c.i.embedder.EclipseLogger - skip non existing resourceDirectory C:\Users\yasse\ScalaApps\AkkaMavenIntegrator\src\main\resources
2017-06-22 02:11:14,200 [Worker-183] WARN  o.e.m.c.i.embedder.EclipseLogger - Using platform encoding (Cp1252 actually) to copy filtered resources, i.e. build is platform dependent!
2017-06-22 02:11:14,201 [Worker-183] INFO  o.e.m.c.i.embedder.EclipseLogger - skip non existing resourceDirectory C:\Users\yasse\ScalaApps\AkkaMavenIntegrator\src\test\resources
2017-06-22 02:16:30,760 [Worker-183] WARN  o.e.m.c.i.embedder.EclipseLogger - Using platform encoding (Cp1252 actually) to copy filtered resources, i.e. build is platform dependent!
2017-06-22 02:16:30,760 [Worker-183] INFO  o.e.m.c.i.embedder.EclipseLogger - skip non existing resourceDirectory C:\Users\yasse\ScalaApps\AkkaMavenIntegrator\src\main\resources
2017-06-22 02:16:30,761 [Worker-183] WARN  o.e.m.c.i.embedder.EclipseLogger - Using platform encoding (Cp1252 actually) to copy filtered resources, i.e. build is platform dependent!
2017-06-22 02:16:30,762 [Worker-183] INFO  o.e.m.c.i.embedder.EclipseLogger - skip non existing resourceDirectory C:\Users\yasse\ScalaApps\AkkaMavenIntegrator\src\test\resources
2017-06-22 02:16:51,017 [Worker-181] WARN  o.e.m.c.i.embedder.EclipseLogger - Using platform encoding (Cp1252 actually) to copy filtered resources, i.e. build is platform dependent!
2017-06-22 02:16:51,018 [Worker-181] INFO  o.e.m.c.i.embedder.EclipseLogger - skip non existing resourceDirectory C:\Users\yasse\ScalaApps\AkkaMavenIntegrator\src\main\resources
2017-06-22 02:16:51,020 [Worker-181] WARN  o.e.m.c.i.embedder.EclipseLogger - Using platform encoding (Cp1252 actually) to copy filtered resources, i.e. build is platform dependent!
2017-06-22 02:16:51,021 [Worker-181] INFO  o.e.m.c.i.embedder.EclipseLogger - skip non existing resourceDirectory C:\Users\yasse\ScalaApps\AkkaMavenIntegrator\src\test\resources
2017-06-22 02:20:29,576 [Worker-187] WARN  o.e.m.c.i.embedder.EclipseLogger - Using platform encoding (Cp1252 actually) to copy filtered resources, i.e. build is platform dependent!
2017-06-22 02:20:29,577 [Worker-187] INFO  o.e.m.c.i.embedder.EclipseLogger - skip non existing resourceDirectory C:\Users\yasse\ScalaApps\AkkaMavenIntegrator\src\main\resources
2017-06-22 02:20:29,579 [Worker-187] WARN  o.e.m.c.i.embedder.EclipseLogger - Using platform encoding (Cp1252 actually) to copy filtered resources, i.e. build is platform dependent!
2017-06-22 02:20:29,580 [Worker-187] INFO  o.e.m.c.i.embedder.EclipseLogger - skip non existing resourceDirectory C:\Users\yasse\ScalaApps\AkkaMavenIntegrator\src\test\resources
2017-06-22 02:21:14,569 [Worker-182] WARN  o.e.m.c.i.embedder.EclipseLogger - Using platform encoding (Cp1252 actually) to copy filtered resources, i.e. build is platform dependent!
2017-06-22 02:21:14,570 [Worker-182] INFO  o.e.m.c.i.embedder.EclipseLogger - skip non existing resourceDirectory C:\Users\yasse\ScalaApps\AkkaMavenIntegrator\src\main\resources
2017-06-22 02:21:14,572 [Worker-182] WARN  o.e.m.c.i.embedder.EclipseLogger - Using platform encoding (Cp1252 actually) to copy filtered resources, i.e. build is platform dependent!
2017-06-22 02:21:14,573 [Worker-182] INFO  o.e.m.c.i.embedder.EclipseLogger - skip non existing resourceDirectory C:\Users\yasse\ScalaApps\AkkaMavenIntegrator\src\test\resources
2017-06-22 02:24:59,283 [Worker-188] WARN  o.e.m.c.i.embedder.EclipseLogger - Using platform encoding (Cp1252 actually) to copy filtered resources, i.e. build is platform dependent!
2017-06-22 02:24:59,284 [Worker-188] INFO  o.e.m.c.i.embedder.EclipseLogger - skip non existing resourceDirectory C:\Users\yasse\ScalaApps\AkkaMavenIntegrator\src\main\resources
2017-06-22 02:24:59,288 [Worker-188] WARN  o.e.m.c.i.embedder.EclipseLogger - Using platform encoding (Cp1252 actually) to copy filtered resources, i.e. build is platform dependent!
2017-06-22 02:24:59,290 [Worker-188] INFO  o.e.m.c.i.embedder.EclipseLogger - skip non existing resourceDirectory C:\Users\yasse\ScalaApps\AkkaMavenIntegrator\src\test\resources
2017-06-22 02:25:46,852 [Worker-185] WARN  o.e.m.c.i.embedder.EclipseLogger - Using platform encoding (Cp1252 actually) to copy filtered resources, i.e. build is platform dependent!
2017-06-22 02:25:46,854 [Worker-185] INFO  o.e.m.c.i.embedder.EclipseLogger - skip non existing resourceDirectory C:\Users\yasse\ScalaApps\AkkaMavenIntegrator\src\main\resources
2017-06-22 02:25:46,856 [Worker-185] WARN  o.e.m.c.i.embedder.EclipseLogger - Using platform encoding (Cp1252 actually) to copy filtered resources, i.e. build is platform dependent!
2017-06-22 02:25:46,857 [Worker-185] INFO  o.e.m.c.i.embedder.EclipseLogger - skip non existing resourceDirectory C:\Users\yasse\ScalaApps\AkkaMavenIntegrator\src\test\resources
2017-06-22 02:26:02,592 [Worker-188] WARN  o.e.m.c.i.embedder.EclipseLogger - Using platform encoding (Cp1252 actually) to copy filtered resources, i.e. build is platform dependent!
2017-06-22 02:26:02,594 [Worker-188] INFO  o.e.m.c.i.embedder.EclipseLogger - skip non existing resourceDirectory C:\Users\yasse\ScalaApps\AkkaMavenIntegrator\src\main\resources
2017-06-22 02:26:02,597 [Worker-188] WARN  o.e.m.c.i.embedder.EclipseLogger - Using platform encoding (Cp1252 actually) to copy filtered resources, i.e. build is platform dependent!
2017-06-22 02:26:02,599 [Worker-188] INFO  o.e.m.c.i.embedder.EclipseLogger - skip non existing resourceDirectory C:\Users\yasse\ScalaApps\AkkaMavenIntegrator\src\test\resources
2017-06-22 02:26:34,421 [Worker-178] WARN  o.e.m.c.i.embedder.EclipseLogger - Using platform encoding (Cp1252 actually) to copy filtered resources, i.e. build is platform dependent!
2017-06-22 02:26:34,422 [Worker-178] INFO  o.e.m.c.i.embedder.EclipseLogger - skip non existing resourceDirectory C:\Users\yasse\ScalaApps\AkkaMavenIntegrator\src\main\resources
2017-06-22 02:26:34,423 [Worker-178] WARN  o.e.m.c.i.embedder.EclipseLogger - Using platform encoding (Cp1252 actually) to copy filtered resources, i.e. build is platform dependent!
2017-06-22 02:26:34,424 [Worker-178] INFO  o.e.m.c.i.embedder.EclipseLogger - skip non existing resourceDirectory C:\Users\yasse\ScalaApps\AkkaMavenIntegrator\src\test\resources
2017-06-22 02:27:07,772 [Worker-178] WARN  o.e.m.c.i.embedder.EclipseLogger - Using platform encoding (Cp1252 actually) to copy filtered resources, i.e. build is platform dependent!
2017-06-22 02:27:07,774 [Worker-178] INFO  o.e.m.c.i.embedder.EclipseLogger - skip non existing resourceDirectory C:\Users\yasse\ScalaApps\AkkaMavenIntegrator\src\main\resources
2017-06-22 02:27:07,775 [Worker-178] WARN  o.e.m.c.i.embedder.EclipseLogger - Using platform encoding (Cp1252 actually) to copy filtered resources, i.e. build is platform dependent!
2017-06-22 02:27:07,776 [Worker-178] INFO  o.e.m.c.i.embedder.EclipseLogger - skip non existing resourceDirectory C:\Users\yasse\ScalaApps\AkkaMavenIntegrator\src\test\resources
2017-06-22 02:27:25,748 [Worker-178] WARN  o.e.m.c.i.embedder.EclipseLogger - Using platform encoding (Cp1252 actually) to copy filtered resources, i.e. build is platform dependent!
2017-06-22 02:27:25,749 [Worker-178] INFO  o.e.m.c.i.embedder.EclipseLogger - skip non existing resourceDirectory C:\Users\yasse\ScalaApps\AkkaMavenIntegrator\src\main\resources
2017-06-22 02:27:25,752 [Worker-178] WARN  o.e.m.c.i.embedder.EclipseLogger - Using platform encoding (Cp1252 actually) to copy filtered resources, i.e. build is platform dependent!
2017-06-22 02:27:25,753 [Worker-178] INFO  o.e.m.c.i.embedder.EclipseLogger - skip non existing resourceDirectory C:\Users\yasse\ScalaApps\AkkaMavenIntegrator\src\test\resources
2017-06-22 02:28:14,376 [Worker-185] INFO  o.e.m.c.i.p.ProjectConfigurationManager - Update started
2017-06-22 02:28:14,697 [Worker-185] INFO  o.e.m.c.i.l.LifecycleMappingFactory - Using org.eclipse.m2e.jdt.JarLifecycleMapping lifecycle mapping for MavenProject: AkkaMavenIntegrator:AkkaMavenIntegrator:0.0.1-SNAPSHOT @ C:\Users\yasse\ScalaApps\AkkaMavenIntegrator\pom.xml.
2017-06-22 02:28:14,851 [Worker-185] INFO  o.e.m.j.i.AbstractJavaProjectConfigurator - Adding source folder /AkkaMavenIntegrator/src
2017-06-22 02:28:14,852 [Worker-185] INFO  o.e.m.j.i.AbstractJavaProjectConfigurator - Not adding source folder /AkkaMavenIntegrator/src/test/java because it overlaps with /AkkaMavenIntegrator/src
2017-06-22 02:28:14,996 [Worker-185] INFO  o.e.m.c.i.p.ProjectConfigurationManager - Update completed: 0 sec
2017-06-22 02:28:15,207 [Worker-189] WARN  o.e.m.c.i.embedder.EclipseLogger - Using platform encoding (Cp1252 actually) to copy filtered resources, i.e. build is platform dependent!
2017-06-22 02:28:15,208 [Worker-189] INFO  o.e.m.c.i.embedder.EclipseLogger - skip non existing resourceDirectory C:\Users\yasse\ScalaApps\AkkaMavenIntegrator\src\main\resources
2017-06-22 02:28:15,210 [Worker-189] WARN  o.e.m.c.i.embedder.EclipseLogger - Using platform encoding (Cp1252 actually) to copy filtered resources, i.e. build is platform dependent!
2017-06-22 02:28:15,210 [Worker-189] INFO  o.e.m.c.i.embedder.EclipseLogger - skip non existing resourceDirectory C:\Users\yasse\ScalaApps\AkkaMavenIntegrator\src\test\resources
2017-06-22 02:31:12,038 [Worker-188] WARN  o.e.m.c.i.embedder.EclipseLogger - Using platform encoding (Cp1252 actually) to copy filtered resources, i.e. build is platform dependent!
2017-06-22 02:31:12,039 [Worker-188] INFO  o.e.m.c.i.embedder.EclipseLogger - skip non existing resourceDirectory C:\Users\yasse\ScalaApps\AkkaMavenIntegrator\src\main\resources
2017-06-22 02:31:12,041 [Worker-188] WARN  o.e.m.c.i.embedder.EclipseLogger - Using platform encoding (Cp1252 actually) to copy filtered resources, i.e. build is platform dependent!
2017-06-22 02:31:12,043 [Worker-188] INFO  o.e.m.c.i.embedder.EclipseLogger - skip non existing resourceDirectory C:\Users\yasse\ScalaApps\AkkaMavenIntegrator\src\test\resources
2017-06-22 02:32:46,343 [Worker-181] INFO  o.e.m.c.i.l.LifecycleMappingFactory - Using org.eclipse.m2e.jdt.JarLifecycleMapping lifecycle mapping for MavenProject: AkkaMavenIntegrator:AkkaMavenIntegrator:0.0.1-SNAPSHOT @ C:\Users\yasse\ScalaApps\AkkaMavenIntegrator\pom.xml.
2017-06-22 02:32:47,232 [Worker-181] INFO  o.e.m.c.i.e.AbstractTransferListenerAdapter - Downloading https://repo.maven.apache.org/maven2/com/typesafe/akka/akka-actor_2.11/2.4.2/akka-actor_2.11-2.4.2.pom
2017-06-22 02:32:47,395 [Worker-181] INFO  o.e.m.c.i.e.AbstractTransferListenerAdapter - Downloaded https://repo.maven.apache.org/maven2/com/typesafe/akka/akka-actor_2.11/2.4.2/akka-actor_2.11-2.4.2.pom
2017-06-22 02:32:47,433 [Worker-181] INFO  o.e.m.c.i.e.AbstractTransferListenerAdapter - Downloading https://repo.maven.apache.org/maven2/com/typesafe/config/1.3.0/config-1.3.0.pom
2017-06-22 02:32:47,501 [Worker-181] INFO  o.e.m.c.i.e.AbstractTransferListenerAdapter - Downloaded https://repo.maven.apache.org/maven2/com/typesafe/config/1.3.0/config-1.3.0.pom
2017-06-22 02:32:47,779 [Worker-181] INFO  o.e.m.c.i.e.AbstractTransferListenerAdapter - Downloading https://repo.maven.apache.org/maven2/com/typesafe/akka/akka-testkit_2.11/2.4.2/akka-testkit_2.11-2.4.2.pom
2017-06-22 02:32:47,839 [Worker-181] INFO  o.e.m.c.i.e.AbstractTransferListenerAdapter - Downloaded https://repo.maven.apache.org/maven2/com/typesafe/akka/akka-testkit_2.11/2.4.2/akka-testkit_2.11-2.4.2.pom
2017-06-22 02:32:47,894 [Worker-181] INFO  o.e.m.c.i.e.AbstractTransferListenerAdapter - Downloading https://repo.maven.apache.org/maven2/org/scalatest/scalatest_2.11/2.2.6/scalatest_2.11-2.2.6.pom
2017-06-22 02:32:48,117 [Worker-181] INFO  o.e.m.c.i.e.AbstractTransferListenerAdapter - Downloaded https://repo.maven.apache.org/maven2/org/scalatest/scalatest_2.11/2.2.6/scalatest_2.11-2.2.6.pom
2017-06-22 02:32:48,151 [Worker-181] INFO  o.e.m.c.i.e.AbstractTransferListenerAdapter - Downloading https://repo.maven.apache.org/maven2/org/scala-lang/modules/scala-xml_2.11/1.0.2/scala-xml_2.11-1.0.2.pom
2017-06-22 02:32:48,173 [Worker-181] INFO  o.e.m.c.i.e.AbstractTransferListenerAdapter - Downloaded https://repo.maven.apache.org/maven2/org/scala-lang/modules/scala-xml_2.11/1.0.2/scala-xml_2.11-1.0.2.pom
2017-06-22 02:32:48,192 [Worker-181] INFO  o.e.m.c.i.e.AbstractTransferListenerAdapter - Downloading https://repo.maven.apache.org/maven2/org/scala-lang/scala-library/2.11.1/scala-library-2.11.1.pom
2017-06-22 02:32:48,232 [Worker-181] INFO  o.e.m.c.i.e.AbstractTransferListenerAdapter - Downloaded https://repo.maven.apache.org/maven2/org/scala-lang/scala-library/2.11.1/scala-library-2.11.1.pom
2017-06-22 02:32:48,287 [Worker-181] INFO  o.e.m.c.i.e.AbstractTransferListenerAdapter - Downloading https://repo.maven.apache.org/maven2/com/typesafe/akka/akka-actor_2.11/2.4.2/akka-actor_2.11-2.4.2.jar
2017-06-22 02:32:50,046 [Worker-181] INFO  o.e.m.c.i.e.AbstractTransferListenerAdapter - Downloaded https://repo.maven.apache.org/maven2/com/typesafe/akka/akka-actor_2.11/2.4.2/akka-actor_2.11-2.4.2.jar
2017-06-22 02:32:50,064 [Worker-181] INFO  o.e.m.c.i.e.AbstractTransferListenerAdapter - Downloading https://repo.maven.apache.org/maven2/org/scala-lang/scala-library/2.11.7/scala-library-2.11.7.jar
2017-06-22 02:32:52,017 [Worker-181] INFO  o.e.m.c.i.e.AbstractTransferListenerAdapter - Downloaded https://repo.maven.apache.org/maven2/org/scala-lang/scala-library/2.11.7/scala-library-2.11.7.jar
2017-06-22 02:32:52,029 [Worker-181] INFO  o.e.m.c.i.e.AbstractTransferListenerAdapter - Downloading https://repo.maven.apache.org/maven2/com/typesafe/config/1.3.0/config-1.3.0.jar
2017-06-22 02:32:52,131 [Worker-181] INFO  o.e.m.c.i.e.AbstractTransferListenerAdapter - Downloaded https://repo.maven.apache.org/maven2/com/typesafe/config/1.3.0/config-1.3.0.jar
2017-06-22 02:32:52,197 [Worker-181] INFO  o.e.m.c.i.e.AbstractTransferListenerAdapter - Downloading https://repo.maven.apache.org/maven2/com/typesafe/akka/akka-testkit_2.11/2.4.2/akka-testkit_2.11-2.4.2.jar
2017-06-22 02:32:52,290 [Worker-181] INFO  o.e.m.c.i.e.AbstractTransferListenerAdapter - Downloaded https://repo.maven.apache.org/maven2/com/typesafe/akka/akka-testkit_2.11/2.4.2/akka-testkit_2.11-2.4.2.jar
2017-06-22 02:32:52,307 [Worker-181] INFO  o.e.m.c.i.e.AbstractTransferListenerAdapter - Downloading https://repo.maven.apache.org/maven2/org/scalatest/scalatest_2.11/2.2.6/scalatest_2.11-2.2.6.jar
2017-06-22 02:32:54,929 [Worker-181] INFO  o.e.m.c.i.e.AbstractTransferListenerAdapter - Downloaded https://repo.maven.apache.org/maven2/org/scalatest/scalatest_2.11/2.2.6/scalatest_2.11-2.2.6.jar
2017-06-22 02:32:54,948 [Worker-181] INFO  o.e.m.c.i.e.AbstractTransferListenerAdapter - Downloading https://repo.maven.apache.org/maven2/org/scala-lang/scala-reflect/2.11.7/scala-reflect-2.11.7.jar
2017-06-22 02:32:59,657 [Worker-181] INFO  o.e.m.c.i.e.AbstractTransferListenerAdapter - Downloaded https://repo.maven.apache.org/maven2/org/scala-lang/scala-reflect/2.11.7/scala-reflect-2.11.7.jar
2017-06-22 02:32:59,786 [Worker-181] INFO  o.e.m.c.i.e.AbstractTransferListenerAdapter - Downloading https://repo.maven.apache.org/maven2/org/scala-lang/modules/scala-xml_2.11/1.0.2/scala-xml_2.11-1.0.2.jar
2017-06-22 02:33:00,998 [Worker-181] INFO  o.e.m.c.i.e.AbstractTransferListenerAdapter - Downloaded https://repo.maven.apache.org/maven2/org/scala-lang/modules/scala-xml_2.11/1.0.2/scala-xml_2.11-1.0.2.jar
2017-06-22 02:33:01,269 [Worker-181] WARN  o.e.m.c.i.embedder.EclipseLogger - Using platform encoding (Cp1252 actually) to copy filtered resources, i.e. build is platform dependent!
2017-06-22 02:33:01,270 [Worker-181] INFO  o.e.m.c.i.embedder.EclipseLogger - skip non existing resourceDirectory C:\Users\yasse\ScalaApps\AkkaMavenIntegrator\src\main\resources
2017-06-22 02:33:01,271 [Worker-181] WARN  o.e.m.c.i.embedder.EclipseLogger - Using platform encoding (Cp1252 actually) to copy filtered resources, i.e. build is platform dependent!
2017-06-22 02:33:01,272 [Worker-181] INFO  o.e.m.c.i.embedder.EclipseLogger - skip non existing resourceDirectory C:\Users\yasse\ScalaApps\AkkaMavenIntegrator\src\test\resources
2017-06-30 21:35:18,357 [Worker-11] WARN  o.e.m.c.i.embedder.EclipseLogger - Using platform encoding (Cp1252 actually) to copy filtered resources, i.e. build is platform dependent!
2017-06-30 21:35:18,365 [Worker-11] INFO  o.e.m.c.i.embedder.EclipseLogger - skip non existing resourceDirectory C:\Users\yasse\ScalaApps\AkkaMavenIntegrator\src\main\resources
2017-06-30 21:35:18,368 [Worker-11] WARN  o.e.m.c.i.embedder.EclipseLogger - Using platform encoding (Cp1252 actually) to copy filtered resources, i.e. build is platform dependent!
2017-06-30 21:35:18,369 [Worker-11] INFO  o.e.m.c.i.embedder.EclipseLogger - skip non existing resourceDirectory C:\Users\yasse\ScalaApps\AkkaMavenIntegrator\src\test\resources
2017-07-01 19:06:01,497 [Worker-18] WARN  o.e.m.c.i.embedder.EclipseLogger - Using platform encoding (Cp1252 actually) to copy filtered resources, i.e. build is platform dependent!
2017-07-01 19:06:01,502 [Worker-18] INFO  o.e.m.c.i.embedder.EclipseLogger - skip non existing resourceDirectory C:\Users\yasse\ScalaApps\AkkaMavenIntegrator\src\main\resources
2017-07-01 19:06:01,527 [Worker-18] WARN  o.e.m.c.i.embedder.EclipseLogger - Using platform encoding (Cp1252 actually) to copy filtered resources, i.e. build is platform dependent!
2017-07-01 19:06:01,531 [Worker-18] INFO  o.e.m.c.i.embedder.EclipseLogger - skip non existing resourceDirectory C:\Users\yasse\ScalaApps\AkkaMavenIntegrator\src\test\resources
2017-07-01 19:53:11,524 [Worker-19] WARN  o.e.m.c.i.embedder.EclipseLogger - Using platform encoding (Cp1252 actually) to copy filtered resources, i.e. build is platform dependent!
2017-07-01 19:53:11,531 [Worker-19] INFO  o.e.m.c.i.embedder.EclipseLogger - skip non existing resourceDirectory C:\Users\yasse\ScalaApps\AkkaMavenIntegrator\src\main\resources
2017-07-01 19:53:11,533 [Worker-19] WARN  o.e.m.c.i.embedder.EclipseLogger - Using platform encoding (Cp1252 actually) to copy filtered resources, i.e. build is platform dependent!
2017-07-01 19:53:11,534 [Worker-19] INFO  o.e.m.c.i.embedder.EclipseLogger - skip non existing resourceDirectory C:\Users\yasse\ScalaApps\AkkaMavenIntegrator\src\test\resources
